<?xml version="1.0" encoding="UTF-8" ?>
<testsuite errors="0" failures="0" hostname="unmesh-laptop" name="com.pubmatic.parser.PublisherOnboardingFormPOIBasedParserTest" skipped="1" tests="3" time="9.364" timestamp="2014-04-15T14:05:06">
  <properties>
    <property name="env.DESKTOP_SESSION" value="gnome-fallback" />
    <property name="env.OLDPWD" value="/home/unmesh/work/pubmatic/lib/compile" />
    <property name="file.encoding.pkg" value="sun.io" />
    <property name="ivy.retrieve.pattern.ivy.instance" value="/home/unmesh/work/pubmatic/lib/[artifact]-[revision](-[classifier]).[ext]" />
    <property name="env.LOCATIONSTOREROOTID" value="1" />
    <property name="java.vendor.url.ivy.instance" value="http://java.oracle.com/" />
    <property name="ivy.local.default.ivy.pattern.ivy.instance" value="[organisation]/[module]/[revision]/[type]s/[artifact].[ext]" />
    <property name="ivy.project.dir.ivy.instance" value="/home/unmesh/work/pubmatic" />
    <property name="env.rvm_bin_path" value="/home/unmesh/.rvm/bin" />
    <property name="ivy.resolve.default.type.filter" value="*" />
    <property name="java.home" value="/home/unmesh/jdk8/jdk1.8.0/jre" />
    <property name="ivy.configurations.ivy.instance" value="*" />
    <property name="test.src.dir" value="/home/unmesh/work/pubmatic/test" />
    <property name="env.DISPLAY" value=":0" />
    <property name="ivy.basedir.ivy.instance" value="/home/unmesh/work/pubmatic" />
    <property name="ivy.dep.file.ivy.instance" value="ivy.xml" />
    <property name="env.LS_COLORS" value="rs=0:di=01;34:ln=01;36:mh=00:pi=40;33:so=01;35:do=01;35:bd=40;33;01:cd=40;33;01:or=40;31;01:su=37;41:sg=30;43:ca=30;41:tw=30;42:ow=34;42:st=37;44:ex=01;32:*.tar=01;31:*.tgz=01;31:*.arj=01;31:*.taz=01;31:*.lzh=01;31:*.lzma=01;31:*.tlz=01;31:*.txz=01;31:*.zip=01;31:*.z=01;31:*.Z=01;31:*.dz=01;31:*.gz=01;31:*.lz=01;31:*.xz=01;31:*.bz2=01;31:*.bz=01;31:*.tbz=01;31:*.tbz2=01;31:*.tz=01;31:*.deb=01;31:*.rpm=01;31:*.jar=01;31:*.war=01;31:*.ear=01;31:*.sar=01;31:*.rar=01;31:*.ace=01;31:*.zoo=01;31:*.cpio=01;31:*.7z=01;31:*.rz=01;31:*.jpg=01;35:*.jpeg=01;35:*.gif=01;35:*.bmp=01;35:*.pbm=01;35:*.pgm=01;35:*.ppm=01;35:*.tga=01;35:*.xbm=01;35:*.xpm=01;35:*.tif=01;35:*.tiff=01;35:*.png=01;35:*.svg=01;35:*.svgz=01;35:*.mng=01;35:*.pcx=01;35:*.mov=01;35:*.mpg=01;35:*.mpeg=01;35:*.m2v=01;35:*.mkv=01;35:*.webm=01;35:*.ogm=01;35:*.mp4=01;35:*.m4v=01;35:*.mp4v=01;35:*.vob=01;35:*.qt=01;35:*.nuv=01;35:*.wmv=01;35:*.asf=01;35:*.rm=01;35:*.rmvb=01;35:*.flc=01;35:*.avi=01;35:*.fli=01;35:*.flv=01;35:*.gl=01;35:*.dl=01;35:*.xcf=01;35:*.xwd=01;35:*.yuv=01;35:*.cgm=01;35:*.emf=01;35:*.axv=01;35:*.anx=01;35:*.ogv=01;35:*.ogx=01;35:*.aac=00;36:*.au=00;36:*.flac=00;36:*.mid=00;36:*.midi=00;36:*.mka=00;36:*.mp3=00;36:*.mpc=00;36:*.ogg=00;36:*.ra=00;36:*.wav=00;36:*.axa=00;36:*.oga=00;36:*.spx=00;36:*.xspf=00;36:" />
    <property name="env.KEYMANAGEMENT_SERVICE_HOME" value="/home/unmesh/ta/keymanagement/trunk/" />
    <property name="env.XDG_SESSION_COOKIE" value="b3e4ecee3acf25df3f5330f800000004-1397484879.765139-529957883" />
    <property name="java.endorsed.dirs" value="/home/unmesh/jdk8/jdk1.8.0/jre/lib/endorsed" />
    <property name="java.class.path.ivy.instance" value="/home/unmesh/work/pubmatic/tools/apache-ant-1.9.3/lib/ant-launcher.jar:/home/unmesh/work/pubmatic/tools/apache-ant-1.9.3/lib/ant-junit.jar:/home/unmesh/work/pubmatic/tools/apache-ant-1.9.3/lib/ant-apache-bsf.jar:/home/unmesh/work/pubmatic/tools/apache-ant-1.9.3/lib/ant-jai.jar:/home/unmesh/work/pubmatic/tools/apache-ant-1.9.3/lib/ant-swing.jar:/home/unmesh/work/pubmatic/tools/apache-ant-1.9.3/lib/ant-jdepend.jar:/home/unmesh/work/pubmatic/tools/apache-ant-1.9.3/lib/ant-jmf.jar:/home/unmesh/work/pubmatic/tools/apache-ant-1.9.3/lib/ant-apache-resolver.jar:/home/unmesh/work/pubmatic/tools/apache-ant-1.9.3/lib/ant-junit4.jar:/home/unmesh/work/pubmatic/tools/apache-ant-1.9.3/lib/ant-apache-bcel.jar:/home/unmesh/work/pubmatic/tools/apache-ant-1.9.3/lib/ant-commons-net.jar:/home/unmesh/work/pubmatic/tools/apache-ant-1.9.3/lib/ant-jsch.jar:/home/unmesh/work/pubmatic/tools/apache-ant-1.9.3/lib/ant-antlr.jar:/home/unmesh/work/pubmatic/tools/apache-ant-1.9.3/lib/ant-javamail.jar:/home/unmesh/work/pubmatic/tools/apache-ant-1.9.3/lib/ant-apache-oro.jar:/home/unmesh/work/pubmatic/tools/apache-ant-1.9.3/lib/ant.jar:/home/unmesh/work/pubmatic/tools/apache-ant-1.9.3/lib/ant-launcher.jar:/home/unmesh/work/pubmatic/tools/apache-ant-1.9.3/lib/ant-testutil.jar:/home/unmesh/work/pubmatic/tools/apache-ant-1.9.3/lib/ant-netrexx.jar:/home/unmesh/work/pubmatic/tools/apache-ant-1.9.3/lib/ant-apache-regexp.jar:/home/unmesh/work/pubmatic/tools/apache-ant-1.9.3/lib/ant-apache-log4j.jar:/home/unmesh/work/pubmatic/tools/apache-ant-1.9.3/lib/ant-commons-logging.jar:/home/unmesh/work/pubmatic/tools/apache-ant-1.9.3/lib/ant-apache-xalan2.jar:/home/unmesh/jdk8/jdk1.8.0/lib/tools.jar" />
    <property name="env.LOGNAME" value="unmesh" />
    <property name="ivy.home" value="/home/unmesh/.ivy2" />
    <property name="env.UBUNTU_MENUPROXY" value="libappmenu.so" />
    <property name="scala.src.dir" value="/home/unmesh/work/pubmatic/src" />
    <property name="java.vm.specification.vendor.ivy.instance" value="Oracle Corporation" />
    <property name="env.SESSION_MANAGER" value="local/unmesh-laptop:@/tmp/.ICE-unix/2213,unix/unmesh-laptop:/tmp/.ICE-unix/2213" />
    <property name="sun.os.patch.level" value="unknown" />
    <property name="ivy.dep.file" value="ivy.xml" />
    <property name="java.vendor.url" value="http://java.oracle.com/" />
    <property name="env.XDG_SEAT_PATH" value="/org/freedesktop/DisplayManager/Seat0" />
    <property name="ivy.local.default.artifact.pattern.ivy.instance" value="[organisation]/[module]/[revision]/[type]s/[artifact].[ext]" />
    <property name="env.MANDATORY_PATH" value="/usr/share/gconf/gnome-fallback.mandatory.path" />
    <property name="ivy.lib.dir.ivy.instance" value="/home/unmesh/work/pubmatic/lib" />
    <property name="java.version" value="1.8.0" />
    <property name="ivy.conf.dir.ivy.instance" value="jar:file:/home/unmesh/work/pubmatic/lib/compile/ivy-2.3.0.jar!/org/apache/ivy/core/settings" />
    <property name="sun.boot.library.path.ivy.instance" value="/home/unmesh/jdk8/jdk1.8.0/jre/lib/amd64" />
    <property name="ivy.report.output.pattern.ivy.instance" value="[organisation]-[module]-[conf].[ext]" />
    <property name="ivy.module" value="phalakreviews" />
    <property name="ivy.publish.src.artifacts.pattern.ivy.instance" value="/home/unmesh/work/pubmatic/distrib/[type]s/[artifact]-[revision](-[classifier]).[ext]" />
    <property name="java.vendor.url.bug" value="http://bugreport.sun.com/bugreport/" />
    <property name="env.LANGUAGE" value="en_IN:en" />
    <property name="sun.management.compiler.ivy.instance" value="HotSpot 64-Bit Tiered Compilers" />
    <property name="ant.project.invoked-targets" value="clean,package" />
    <property name="env.XDG_DATA_DIRS" value="/usr/share/gnome-fallback:/usr/share/gnome:/usr/local/share/:/usr/share/" />
    <property name="ivy.local.default.artifact.pattern" value="[organisation]/[module]/[revision]/[type]s/[artifact].[ext]" />
    <property name="env.GNOME_KEYRING_CONTROL" value="/tmp/keyring-X50Pf4" />
    <property name="os.name.ivy.instance" value="Linux" />
    <property name="ivy.default.ivy.user.dir.ivy.instance" value="/home/unmesh/.ivy2" />
    <property name="ivy.default.always.check.exact.revision" value="false" />
    <property name="ivy.default.settings.dir.ivy.instance" value="jar:file:/home/unmesh/work/pubmatic/lib/compile/ivy-2.3.0.jar!/org/apache/ivy/core/settings" />
    <property name="user.name" value="unmesh" />
    <property name="env.LANG" value="en_IN" />
    <property name="sun.io.unicode.encoding" value="UnicodeLittle" />
    <property name="ivy.shared.default.root.ivy.instance" value="/home/unmesh/.ivy2/shared" />
    <property name="sun.jnu.encoding" value="UTF-8" />
    <property name="env.DBUS_SESSION_BUS_ADDRESS" value="unix:abstract=/tmp/dbus-v9kvUirZlm,guid=3850fcd7eab42be757556a0800000010" />
    <property name="java.runtime.name" value="Java(TM) SE Runtime Environment" />
    <property name="ant.home.ivy.instance" value="/home/unmesh/work/pubmatic/tools/apache-ant-1.9.3" />
    <property name="file.encoding.ivy.instance" value="UTF-8" />
    <property name="ivy.cache.ttl.default.ivy.instance" value="10s" />
    <property name="java.specification.vendor.ivy.instance" value="Oracle Corporation" />
    <property name="java.vendor.ivy.instance" value="Oracle Corporation" />
    <property name="sun.cpu.isalist.ivy.instance" value="" />
    <property name="java.specification.name" value="Java Platform API Specification" />
    <property name="user.timezone" value="Asia/Kolkata" />
    <property name="env.LESSOPEN" value="| /usr/bin/lesspipe %s" />
    <property name="java.endorsed.dirs.ivy.instance" value="/home/unmesh/jdk8/jdk1.8.0/jre/lib/endorsed" />
    <property name="path.separator" value=":" />
    <property name="java.class.version.ivy.instance" value="52.0" />
    <property name="ivy.default.conf.dir" value="jar:file:/home/unmesh/work/pubmatic/lib/compile/ivy-2.3.0.jar!/org/apache/ivy/core/settings" />
    <property name="env.SECURITY_GATEWAY_HOME" value="/home/unmesh/ta/securitygateway/trunk/" />
    <property name="file.encoding" value="UTF-8" />
    <property name="java.runtime.name.ivy.instance" value="Java(TM) SE Runtime Environment" />
    <property name="ivy.resolve.default.type.filter.ivy.instance" value="*" />
    <property name="ant.project.default-target" value="package" />
    <property name="build" value="/home/unmesh/work/pubmatic/target/build" />
    <property name="ivy.targets.copied" value="false" />
    <property name="env.HOME" value="/home/unmesh" />
    <property name="sun.java.command" value="org.apache.tools.ant.taskdefs.optional.junit.JUnitTestRunner com.pubmatic.parser.PublisherOnboardingFormPOIBasedParserTest skipNonTests=false filtertrace=true haltOnError=false haltOnFailure=true formatter=org.apache.tools.ant.taskdefs.optional.junit.SummaryJUnitResultFormatter showoutput=false outputtoformatters=true logfailedtests=true logtestlistenerevents=false formatter=org.apache.tools.ant.taskdefs.optional.junit.PlainJUnitResultFormatter formatter=org.apache.tools.ant.taskdefs.optional.junit.PlainJUnitResultFormatter,/home/unmesh/work/pubmatic/target/build/reports/TEST-com.pubmatic.parser.PublisherOnboardingFormPOIBasedParserTest.txt formatter=org.apache.tools.ant.taskdefs.optional.junit.XMLJUnitResultFormatter,/home/unmesh/work/pubmatic/target/build/reports/TEST-com.pubmatic.parser.PublisherOnboardingFormPOIBasedParserTest.xml crashfile=/home/unmesh/work/pubmatic/junitvmwatcher6684856298320162534.properties propsfile=/home/unmesh/work/pubmatic/junit3265138219237300690.properties" />
    <property name="ivy.shared.default.artifact.pattern" value="[organisation]/[module]/[revision]/[type]s/[artifact].[ext]" />
    <property name="ant.file" value="/home/unmesh/work/pubmatic/build.xml" />
    <property name="ivy.distrib.dir.ivy.instance" value="/home/unmesh/work/pubmatic/distrib" />
    <property name="ivy.checksums.ivy.instance" value="sha1,md5" />
    <property name="sun.arch.data.model.ivy.instance" value="64" />
    <property name="ivy.build.artifacts.dir.ivy.instance" value="/home/unmesh/work/pubmatic/build/artifacts" />
    <property name="env._" value="./tools/apache-ant-1.9.3/bin/ant" />
    <property name="ivy.settings.file" value="ivysettings.xml" />
    <property name="java.io.tmpdir" value="/tmp" />
    <property name="env.GNOME_KEYRING_PID" value="2202" />
    <property name="ivy.buildlist.ivyfilepath.ivy.instance" value="ivy.xml" />
    <property name="ivy.cache.ttl.default" value="10s" />
    <property name="user.language" value="en" />
    <property name="user.dir.ivy.instance" value="/home/unmesh/work/pubmatic" />
    <property name="ivy.home.ivy.instance" value="/home/unmesh/.ivy2" />
    <property name="line.separator" value="&#xa;" />
    <property name="java.specification.version.ivy.instance" value="1.8" />
    <property name="ant.file.type" value="file" />
    <property name="env.SSH_AGENT_PID" value="2248" />
    <property name="ivy.build.artifacts.dir" value="/home/unmesh/work/pubmatic/build/artifacts" />
    <property name="sun.io.unicode.encoding.ivy.instance" value="UnicodeLittle" />
    <property name="ivy.status" value="integration" />
    <property name="java.vm.info" value="mixed mode" />
    <property name="ivy.lib.dir" value="/home/unmesh/work/pubmatic/lib" />
    <property name="env.HADOOP_HOME" value="/home/unmesh/ta/warehouse/clusters/adhoc/hadoop_home" />
    <property name="sun.desktop" value="gnome" />
    <property name="java.vm.specification.name" value="Java Virtual Machine Specification" />
    <property name="ivy.default.conf.dir.ivy.instance" value="jar:file:/home/unmesh/work/pubmatic/lib/compile/ivy-2.3.0.jar!/org/apache/ivy/core/settings" />
    <property name="env.P4CONFIG" value="/home/unmesh/p4.ini" />
    <property name="env.COLORTERM" value="gnome-terminal" />
    <property name="java.vm.version.ivy.instance" value="25.0-b70" />
    <property name="user.name.ivy.instance" value="unmesh" />
    <property name="env.rvm_path" value="/home/unmesh/.rvm" />
    <property name="env.GDMSESSION" value="gnome-fallback" />
    <property name="ivy.cache.dir" value="/home/unmesh/.ivy2/cache" />
    <property name="env.QT_ACCESSIBILITY" value="1" />
    <property name="java.awt.printerjob" value="sun.print.PSPrinterJob" />
    <property name="ant.file.pubmaticpublisheronboarding" value="/home/unmesh/work/pubmatic/build.xml" />
    <property name="env.DEFAULTS_PATH" value="/usr/share/gconf/gnome-fallback.default.path" />
    <property name="java.io.tmpdir.ivy.instance" value="/tmp" />
    <property name="ant.version" value="Apache Ant(TM) version 1.9.3 compiled on December 23 2013" />
    <property name="java.home.ivy.instance" value="/home/unmesh/jdk8/jdk1.8.0/jre" />
    <property name="java.vm.vendor.ivy.instance" value="Oracle Corporation" />
    <property name="env.WINDOWID" value="67108868" />
    <property name="env.HIVE_HOME" value="/home/unmesh/ta/warehouse/clusters/adhoc/hive_home" />
    <property name="env.XDG_SESSION_PATH" value="/org/freedesktop/DisplayManager/Session0" />
    <property name="env.TRDATA_DIR" value="/home/unmesh/ta/tr-data" />
    <property name="ivy.default.settings.dir" value="jar:file:/home/unmesh/work/pubmatic/lib/compile/ivy-2.3.0.jar!/org/apache/ivy/core/settings" />
    <property name="ivy.configurations" value="*" />
    <property name="ivy.settings.url" value="jar:file:/home/unmesh/work/pubmatic/lib/compile/ivy-2.3.0.jar!/org/apache/ivy/core/settings/ivysettings.xml" />
    <property name="os.name" value="Linux" />
    <property name="java.specification.vendor" value="Oracle Corporation" />
    <property name="sun.jnu.encoding.ivy.instance" value="UTF-8" />
    <property name="env.rvm_version" value="1.20.5 (stable)" />
    <property name="ivy.deliver.ivy.pattern.ivy.instance" value="/home/unmesh/work/pubmatic/distrib/[type]s/[artifact]-[revision](-[classifier]).[ext]" />
    <property name="ivy.checksums" value="sha1,md5" />
    <property name="env.TERM" value="xterm" />
    <property name="java.vm.name" value="Java HotSpot(TM) 64-Bit Server VM" />
    <property name="ivy.log.modules.in.use" value="false" />
    <property name="java.runtime.version.ivy.instance" value="1.8.0-b132" />
    <property name="env.OS" value="LINUX" />
    <property name="ivy.report.output.pattern" value="[organisation]-[module]-[conf].[ext]" />
    <property name="ivy.version" value="2.3.0" />
    <property name="ivy.conf.url" value="jar:file:/home/unmesh/work/pubmatic/lib/compile/ivy-2.3.0.jar!/org/apache/ivy/core/settings/ivysettings.xml" />
    <property name="java.library.path" value="/usr/java/packages/lib/amd64:/usr/lib64:/lib64:/lib:/usr/lib" />
    <property name="env.rvm_prefix" value="/home/unmesh" />
    <property name="java.vm.name.ivy.instance" value="Java HotSpot(TM) 64-Bit Server VM" />
    <property name="env.PATH" value="/usr/local/heroku/bin:/home/unmesh/bin:/usr/lib/lightdm/lightdm:/usr/local/sbin:/usr/local/bin:/usr/sbin:/usr/bin:/sbin:/bin:/usr/games:/home/unmesh/.rvm/bin:/home/unmesh/sbt0124/sbt/bin:/home/unmesh/work/adt-bundle-linux-x86_64-20130219/sdk/tools:/home/unmesh/work/adt-bundle-linux-x86_64-20130219/sdk/platform-tools:/home/unmesh/ta/trsrc-MAINLINE/scripts:/home/unmesh/jdk8/jdk1.8.0//bin:/home/unmesh/ta/trsrc-MAINLINE//scripts:/home/unmesh/ta/warehouse/clusters/adhoc/hive_home/bin:/home/unmesh/ta/warehouse/clusters/adhoc/hadoop_home/bin:/bin:/bin" />
    <property name="line.separator.ivy.instance" value="&#xa;" />
    <property name="os.version.ivy.instance" value="3.2.0-32-generic" />
    <property name="sun.cpu.endian.ivy.instance" value="little" />
    <property name="ant.java.version" value="1.8" />
    <property name="sun.desktop.ivy.instance" value="gnome" />
    <property name="env.LESSCLOSE" value="/usr/bin/lesspipe %s %s" />
    <property name="java.vm.specification.name.ivy.instance" value="Java Virtual Machine Specification" />
    <property name="basedir" value="/home/unmesh/work/pubmatic" />
    <property name="java.class.version" value="52.0" />
    <property name="env.SHLVL" value="1" />
    <property name="ivy.settings.url.ivy.instance" value="jar:file:/home/unmesh/work/pubmatic/lib/compile/ivy-2.3.0.jar!/org/apache/ivy/core/settings/ivysettings.xml" />
    <property name="sun.boot.class.path.ivy.instance" value="/home/unmesh/jdk8/jdk1.8.0/jre/lib/resources.jar:/home/unmesh/jdk8/jdk1.8.0/jre/lib/rt.jar:/home/unmesh/jdk8/jdk1.8.0/jre/lib/sunrsasign.jar:/home/unmesh/jdk8/jdk1.8.0/jre/lib/jsse.jar:/home/unmesh/jdk8/jdk1.8.0/jre/lib/jce.jar:/home/unmesh/jdk8/jdk1.8.0/jre/lib/charsets.jar:/home/unmesh/jdk8/jdk1.8.0/jre/lib/jfr.jar:/home/unmesh/jdk8/jdk1.8.0/jre/classes" />
    <property name="path.separator.ivy.instance" value=":" />
    <property name="ant.home" value="/home/unmesh/work/pubmatic/tools/apache-ant-1.9.3" />
    <property name="dist" value="/home/unmesh/work/pubmatic/target/build/dist" />
    <property name="ivy.resolved.configurations" value="sources" />
    <property name="ivy.deliver.ivy.pattern" value="/home/unmesh/work/pubmatic/distrib/[type]s/[artifact]-[revision](-[classifier]).[ext]" />
    <property name="sun.boot.library.path" value="/home/unmesh/jdk8/jdk1.8.0/jre/lib/amd64" />
    <property name="env.JAVA_BINDIR" value="bin" />
    <property name="ivy.default.always.check.exact.revision.ivy.instance" value="false" />
    <property name="java.library.path.ivy.instance" value="/usr/java/packages/lib/amd64:/usr/lib64:/lib64:/lib:/usr/lib" />
    <property name="awt.toolkit.ivy.instance" value="sun.awt.X11.XToolkit" />
    <property name="sun.management.compiler" value="HotSpot 64-Bit Tiered Compilers" />
    <property name="build.classes" value="/home/unmesh/work/pubmatic/target/build/classes" />
    <property name="ivy.basedir" value="/home/unmesh/work/pubmatic" />
    <property name="java.ext.dirs.ivy.instance" value="/home/unmesh/jdk8/jdk1.8.0/jre/lib/ext:/usr/java/packages/lib/ext" />
    <property name="java.awt.graphicsenv" value="sun.awt.X11GraphicsEnvironment" />
    <property name="ivy.log.modules.in.use.ivy.instance" value="false" />
    <property name="test.junit.reports" value="/home/unmesh/work/pubmatic/target/build/reports" />
    <property name="env.USER" value="unmesh" />
    <property name="sun.os.patch.level.ivy.instance" value="unknown" />
    <property name="file.encoding.pkg.ivy.instance" value="sun.io" />
    <property name="ivy.shared.default.ivy.pattern" value="[organisation]/[module]/[revision]/[type]s/[artifact].[ext]" />
    <property name="ivy.resolver.default.check.modified" value="false" />
    <property name="ivy.settings.file.ivy.instance" value="ivysettings.xml" />
    <property name="ivy.nb.targets.copied" value="0" />
    <property name="ant.project.name" value="pubmaticpublisheronboarding" />
    <property name="ivy.cache.dir.ivy.instance" value="/home/unmesh/.ivy2/cache" />
    <property name="java.vm.specification.version" value="1.8" />
    <property name="ivy.status.ivy.instance" value="integration" />
    <property name="env.NLSPATH" value="/usr/dt/lib/nls/msg/%L/%N.cat" />
    <property name="awt.toolkit" value="sun.awt.X11.XToolkit" />
    <property name="build.root" value="/home/unmesh/work/pubmatic" />
    <property name="sun.cpu.isalist" value="" />
    <property name="file.separator.ivy.instance" value="/" />
    <property name="ivy.deps.changed" value="false" />
    <property name="java.ext.dirs" value="/home/unmesh/jdk8/jdk1.8.0/jre/lib/ext:/usr/java/packages/lib/ext" />
    <property name="ivy.local.default.root.ivy.instance" value="/home/unmesh/.ivy2/local" />
    <property name="os.version" value="3.2.0-32-generic" />
    <property name="mf.classpath" value="lib/ivy-2.3.0.jar lib/akka-actor_2.10.jar lib/asm-all-repackaged.jar lib/cglib.jar lib/commons-codec.jar lib/config.jar lib/dom4j.jar lib/gson.jar lib/guava.jar lib/hk2-api.jar lib/hk2-locator.jar lib/hk2-utils.jar lib/javax.annotation-api.jar lib/javax.inject.jar lib/javax.servlet-api.jar lib/javax.ws.rs-api.jar lib/jersey-client.jar lib/jersey-common.jar lib/jersey-container-servlet-core.jar lib/jersey-container-servlet.jar lib/jersey-server.jar lib/jetty-http.jar lib/jetty-io.jar lib/jetty-security.jar lib/jetty-server.jar lib/jetty-servlet.jar lib/jetty-util.jar lib/log4j.jar lib/osgi-resource-locator.jar lib/poi-ooxml-schemas.jar lib/poi-ooxml.jar lib/poi.jar lib/scala-compiler.jar lib/scala-library.jar lib/scala-reflect.jar lib/stax-api.jar lib/validation-api.jar lib/xml-apis.jar lib/xmlbeans.jar" />
    <property name="user.home" value="/home/unmesh" />
    <property name="env.XDG_CURRENT_DESKTOP" value="GNOME" />
    <property name="env.COMP_WORDBREAKS" value=" &#x9;&#xa;&quot;&apos;&gt;&lt;;|&amp;(:" />
    <property name="sun.java.launcher.ivy.instance" value="SUN_STANDARD" />
    <property name="java.vm.vendor" value="Oracle Corporation" />
    <property name="ivy.local.default.root" value="/home/unmesh/.ivy2/local" />
    <property name="env.JAVA_HOME" value="/home/unmesh/jdk8/jdk1.8.0/" />
    <property name="ivy.organisation" value="org.phalakreviews" />
    <property name="ant.file.type.pubmaticpublisheronboarding" value="file" />
    <property name="env.XAUTHORITY" value="/home/unmesh/.Xauthority" />
    <property name="user.dir" value="/home/unmesh/work/pubmatic" />
    <property name="ant.library.dir.ivy.instance" value="/home/unmesh/work/pubmatic/tools/apache-ant-1.9.3/lib" />
    <property name="env.XFILESEARCHPATH" value="/usr/dt/app-defaults/%L/Dt" />
    <property name="env.COMMERCE_SERVICE_HOME" value="/home/unmesh/ta/commerceapi/trunk/" />
    <property name="ivy.local.default.ivy.pattern" value="[organisation]/[module]/[revision]/[type]s/[artifact].[ext]" />
    <property name="ivy.shared.default.ivy.pattern.ivy.instance" value="[organisation]/[module]/[revision]/[type]s/[artifact].[ext]" />
    <property name="env.PWD" value="/home/unmesh/work/pubmatic" />
    <property name="ivy.publish.src.artifacts.pattern" value="/home/unmesh/work/pubmatic/distrib/[type]s/[artifact]-[revision](-[classifier]).[ext]" />
    <property name="java.vm.info.ivy.instance" value="mixed mode" />
    <property name="sun.java.command.ivy.instance" value="org.apache.tools.ant.launch.Launcher -cp  clean package" />
    <property name="ivy.distrib.dir" value="/home/unmesh/work/pubmatic/distrib" />
    <property name="sun.cpu.endian" value="little" />
    <property name="ivy.revision" value="working@unmesh-laptop" />
    <property name="java.src.dir" value="/home/unmesh/work/pubmatic/src" />
    <property name="user.timezone.ivy.instance" value="Asia/Kolkata" />
    <property name="application.name" value="pubmatic-publisher-onboarding" />
    <property name="java.vm.version" value="25.0-b70" />
    <property name="java.class.path" value="/home/unmesh/work/pubmatic/target/build/classes:/home/unmesh/work/pubmatic/target/build/testclasses:/home/unmesh/work/pubmatic/lib/compile/akka-actor_2.10.jar:/home/unmesh/work/pubmatic/lib/compile/config.jar:/home/unmesh/work/pubmatic/lib/compile/ivy-2.3.0.jar:/home/unmesh/work/pubmatic/lib/compile/log4j.jar:/home/unmesh/work/pubmatic/lib/compile/scala-compiler.jar:/home/unmesh/work/pubmatic/lib/compile/scala-library.jar:/home/unmesh/work/pubmatic/lib/compile/scala-reflect.jar:/home/unmesh/work/pubmatic/lib/test/akka-actor_2.10.jar:/home/unmesh/work/pubmatic/lib/test/config.jar:/home/unmesh/work/pubmatic/lib/test/hamcrest-core.jar:/home/unmesh/work/pubmatic/lib/test/junit.jar:/home/unmesh/work/pubmatic/lib/test/log4j.jar:/home/unmesh/work/pubmatic/lib/test/scala-compiler.jar:/home/unmesh/work/pubmatic/lib/test/scala-library.jar:/home/unmesh/work/pubmatic/lib/test/scala-reflect.jar:/home/unmesh/work/pubmatic/lib/test/scalatest_2.10.jar:/home/unmesh/work/pubmatic/lib/buildtime/ivy-2.3.0.jar:/home/unmesh/work/pubmatic/lib/runtime/akka-actor_2.10.jar:/home/unmesh/work/pubmatic/lib/runtime/asm-all-repackaged.jar:/home/unmesh/work/pubmatic/lib/runtime/cglib.jar:/home/unmesh/work/pubmatic/lib/runtime/commons-codec.jar:/home/unmesh/work/pubmatic/lib/runtime/config.jar:/home/unmesh/work/pubmatic/lib/runtime/dom4j.jar:/home/unmesh/work/pubmatic/lib/runtime/gson.jar:/home/unmesh/work/pubmatic/lib/runtime/guava.jar:/home/unmesh/work/pubmatic/lib/runtime/hk2-api.jar:/home/unmesh/work/pubmatic/lib/runtime/hk2-locator.jar:/home/unmesh/work/pubmatic/lib/runtime/hk2-utils.jar:/home/unmesh/work/pubmatic/lib/runtime/javax.annotation-api.jar:/home/unmesh/work/pubmatic/lib/runtime/javax.inject.jar:/home/unmesh/work/pubmatic/lib/runtime/javax.servlet-api.jar:/home/unmesh/work/pubmatic/lib/runtime/javax.ws.rs-api.jar:/home/unmesh/work/pubmatic/lib/runtime/jersey-client.jar:/home/unmesh/work/pubmatic/lib/runtime/jersey-common.jar:/home/unmesh/work/pubmatic/lib/runtime/jersey-container-servlet-core.jar:/home/unmesh/work/pubmatic/lib/runtime/jersey-container-servlet.jar:/home/unmesh/work/pubmatic/lib/runtime/jersey-server.jar:/home/unmesh/work/pubmatic/lib/runtime/jetty-http.jar:/home/unmesh/work/pubmatic/lib/runtime/jetty-io.jar:/home/unmesh/work/pubmatic/lib/runtime/jetty-security.jar:/home/unmesh/work/pubmatic/lib/runtime/jetty-server.jar:/home/unmesh/work/pubmatic/lib/runtime/jetty-servlet.jar:/home/unmesh/work/pubmatic/lib/runtime/jetty-util.jar:/home/unmesh/work/pubmatic/lib/runtime/log4j.jar:/home/unmesh/work/pubmatic/lib/runtime/osgi-resource-locator.jar:/home/unmesh/work/pubmatic/lib/runtime/poi-ooxml-schemas.jar:/home/unmesh/work/pubmatic/lib/runtime/poi-ooxml.jar:/home/unmesh/work/pubmatic/lib/runtime/poi.jar:/home/unmesh/work/pubmatic/lib/runtime/scala-compiler.jar:/home/unmesh/work/pubmatic/lib/runtime/scala-library.jar:/home/unmesh/work/pubmatic/lib/runtime/scala-reflect.jar:/home/unmesh/work/pubmatic/lib/runtime/stax-api.jar:/home/unmesh/work/pubmatic/lib/runtime/validation-api.jar:/home/unmesh/work/pubmatic/lib/runtime/xml-apis.jar:/home/unmesh/work/pubmatic/lib/runtime/xmlbeans.jar:/home/unmesh/work/pubmatic/tools/apache-ant-1.9.3/lib/ant-launcher.jar:/home/unmesh/work/pubmatic/tools/apache-ant-1.9.3/lib/ant.jar:/home/unmesh/work/pubmatic/tools/apache-ant-1.9.3/lib/ant-junit.jar:/home/unmesh/work/pubmatic/tools/apache-ant-1.9.3/lib/ant-junit4.jar" />
    <property name="ivy.default.ivy.user.dir" value="/home/unmesh/.ivy2" />
    <property name="user.home.ivy.instance" value="/home/unmesh" />
    <property name="basedir.ivy.instance" value="/home/unmesh/work/pubmatic" />
    <property name="ant.library.dir" value="/home/unmesh/work/pubmatic/tools/apache-ant-1.9.3/lib" />
    <property name="os.arch" value="amd64" />
    <property name="java.awt.graphicsenv.ivy.instance" value="sun.awt.X11GraphicsEnvironment" />
    <property name="java.vendor.url.bug.ivy.instance" value="http://bugreport.sun.com/bugreport/" />
    <property name="java.vm.specification.version.ivy.instance" value="1.8" />
    <property name="sun.java.launcher" value="SUN_STANDARD" />
    <property name="java.awt.printerjob.ivy.instance" value="sun.print.PSPrinterJob" />
    <property name="ivy.settings.dir.ivy.instance" value="jar:file:/home/unmesh/work/pubmatic/lib/compile/ivy-2.3.0.jar!/org/apache/ivy/core/settings" />
    <property name="ant.core.lib" value="/home/unmesh/work/pubmatic/tools/apache-ant-1.9.3/lib/ant.jar" />
    <property name="ivy.resolver.default.check.modified.ivy.instance" value="false" />
    <property name="java.vm.specification.vendor" value="Oracle Corporation" />
    <property name="ivy.settings.dir" value="jar:file:/home/unmesh/work/pubmatic/lib/compile/ivy-2.3.0.jar!/org/apache/ivy/core/settings" />
    <property name="file.separator" value="/" />
    <property name="user.language.ivy.instance" value="en" />
    <property name="test.build.classes" value="/home/unmesh/work/pubmatic/target/build/testclasses" />
    <property name="user.country.ivy.instance" value="IN" />
    <property name="ivy.shared.default.artifact.pattern.ivy.instance" value="[organisation]/[module]/[revision]/[type]s/[artifact].[ext]" />
    <property name="ivy.conf.url.ivy.instance" value="jar:file:/home/unmesh/work/pubmatic/lib/compile/ivy-2.3.0.jar!/org/apache/ivy/core/settings/ivysettings.xml" />
    <property name="java.runtime.version" value="1.8.0-b132" />
    <property name="java.specification.name.ivy.instance" value="Java Platform API Specification" />
    <property name="env.SSH_AUTH_SOCK" value="/tmp/keyring-X50Pf4/ssh" />
    <property name="sun.boot.class.path" value="/home/unmesh/jdk8/jdk1.8.0/jre/lib/resources.jar:/home/unmesh/jdk8/jdk1.8.0/jre/lib/rt.jar:/home/unmesh/jdk8/jdk1.8.0/jre/lib/sunrsasign.jar:/home/unmesh/jdk8/jdk1.8.0/jre/lib/jsse.jar:/home/unmesh/jdk8/jdk1.8.0/jre/lib/jce.jar:/home/unmesh/jdk8/jdk1.8.0/jre/lib/charsets.jar:/home/unmesh/jdk8/jdk1.8.0/jre/lib/jfr.jar:/home/unmesh/jdk8/jdk1.8.0/jre/classes" />
    <property name="ivy.conf.dir" value="jar:file:/home/unmesh/work/pubmatic/lib/compile/ivy-2.3.0.jar!/org/apache/ivy/core/settings" />
    <property name="env.XDG_CONFIG_DIRS" value="/etc/xdg/xdg-gnome-fallback:/etc/xdg" />
    <property name="ivy.retrieve.pattern" value="/home/unmesh/work/pubmatic/lib/[artifact]-[revision](-[classifier]).[ext]" />
    <property name="env.WHTOP" value="/home/unmesh/ta/warehouse" />
    <property name="user.country" value="IN" />
    <property name="env.TRTOP" value="/home/unmesh/ta/trsrc-MAINLINE/" />
    <property name="ivy.shared.default.root" value="/home/unmesh/.ivy2/shared" />
    <property name="env.SHELL" value="/bin/bash" />
    <property name="java.version.ivy.instance" value="1.8.0" />
    <property name="ivy.resolved.file" value="/home/unmesh/work/pubmatic/ivy.xml" />
    <property name="os.arch.ivy.instance" value="amd64" />
    <property name="java.vendor" value="Oracle Corporation" />
    <property name="ivy.project.dir" value="/home/unmesh/work/pubmatic" />
    <property name="env.GPG_AGENT_INFO" value="/tmp/keyring-X50Pf4/gpg:0:1" />
    <property name="java.specification.version" value="1.8" />
    <property name="env.GNOME_DESKTOP_SESSION_ID" value="this-is-deprecated" />
    <property name="ivy.buildlist.ivyfilepath" value="ivy.xml" />
    <property name="sun.arch.data.model" value="64" />
  </properties>
  <testcase classname="com.pubmatic.parser.PublisherOnboardingFormPOIBasedParserTest" name="shouldParseFormControlsFromXlsx" time="0.0">
    <skipped />
  </testcase>
  <testcase classname="com.pubmatic.parser.PublisherOnboardingFormPOIBasedParserTest" name="shouldParsePlatformEngagement" time="0.0" />
  <testcase classname="com.pubmatic.parser.PublisherOnboardingFormPOIBasedParserTest" name="shouldParseOnboardingTables" time="0.046" />
  <system-out><![CDATA[desktopApplications = {"highLevelSiteInfo":{"siteInfos":[{"siteName":"Gawker.com","category":"Entertainment \u0026 Leisure","description":"Gawker Media is the publisher of some of the best loved titles on the web including the eponymous Gawker and gadget sensation Gizmodo.","typeOfInventory":"Website","transperancy":"Transparent","uniqUsers":9000000.0,"clickThroughRate":0.03,"usTraffic":"80% US","caTraffic":"15% CA","ukTraffic":"3% UK","auTraffic":"2% AU"}]},"websiteDetails":{"websites":[]}}
]]></system-out>
  <system-err><![CDATA[]]></system-err>
</testsuite>
