<?xml version="1.0" encoding="UTF-8" ?>
<testsuite errors="0" failures="0" hostname="unmesh-laptop" name="com.pubmatic.parser.PublisherOnboardingFormPOIBasedParserTest" skipped="1" tests="3" time="10.646" timestamp="2014-04-15T10:59:53">
  <properties>
    <property name="java.vendor" value="Oracle Corporation" />
    <property name="env.SESSION_MANAGER" value="local/unmesh-laptop:@/tmp/.ICE-unix/2213,unix/unmesh-laptop:/tmp/.ICE-unix/2213" />
    <property name="env.LESSOPEN" value="| /usr/bin/lesspipe %s" />
    <property name="sun.java.launcher" value="SUN_STANDARD" />
    <property name="sun.management.compiler" value="HotSpot 64-Bit Tiered Compilers" />
    <property name="dist" value="/home/unmesh/work/pubmatic/target/build/dist" />
    <property name="env.COMMERCE_SERVICE_HOME" value="/home/unmesh/ta/commerceapi/trunk/" />
    <property name="os.name" value="Linux" />
    <property name="sun.boot.class.path" value="/home/unmesh/jdk8/jdk1.8.0/jre/lib/resources.jar:/home/unmesh/jdk8/jdk1.8.0/jre/lib/rt.jar:/home/unmesh/jdk8/jdk1.8.0/jre/lib/sunrsasign.jar:/home/unmesh/jdk8/jdk1.8.0/jre/lib/jsse.jar:/home/unmesh/jdk8/jdk1.8.0/jre/lib/jce.jar:/home/unmesh/jdk8/jdk1.8.0/jre/lib/charsets.jar:/home/unmesh/jdk8/jdk1.8.0/jre/lib/jfr.jar:/home/unmesh/jdk8/jdk1.8.0/jre/classes" />
    <property name="ant.file.type.pubmaticpublisheronboarding" value="file" />
    <property name="env.PWD" value="/home/unmesh/work/pubmatic" />
    <property name="env.XDG_SESSION_COOKIE" value="b3e4ecee3acf25df3f5330f800000004-1397484879.765139-529957883" />
    <property name="sun.desktop" value="gnome" />
    <property name="env.LANG" value="en_IN" />
    <property name="java.vm.specification.vendor" value="Oracle Corporation" />
    <property name="ant.home" value="/home/unmesh/work/pubmatic/tools/apache-ant-1.9.3" />
    <property name="java.runtime.version" value="1.8.0-b132" />
    <property name="application.name" value="resetfulproduct" />
    <property name="env.DEFAULTS_PATH" value="/usr/share/gconf/gnome-fallback.default.path" />
    <property name="env.DISPLAY" value=":0" />
    <property name="env.rvm_version" value="1.20.5 (stable)" />
    <property name="env.KEYMANAGEMENT_SERVICE_HOME" value="/home/unmesh/ta/keymanagement/trunk/" />
    <property name="user.name" value="unmesh" />
    <property name="env._" value="./tools/apache-ant-1.9.3/bin/ant" />
    <property name="env.USER" value="unmesh" />
    <property name="env.SHELL" value="/bin/bash" />
    <property name="env.DESKTOP_SESSION" value="gnome-fallback" />
    <property name="env.XDG_DATA_DIRS" value="/usr/share/gnome-fallback:/usr/share/gnome:/usr/local/share/:/usr/share/" />
    <property name="env.NLSPATH" value="/usr/dt/lib/nls/msg/%L/%N.cat" />
    <property name="ant.file.pubmaticpublisheronboarding" value="/home/unmesh/work/pubmatic/build.xml" />
    <property name="env.PATH" value="/home/unmesh/jdk8/jdk1.8.0//bin:/usr/local/heroku/bin:/home/unmesh/bin:/usr/lib/lightdm/lightdm:/usr/local/sbin:/usr/local/bin:/usr/sbin:/usr/bin:/sbin:/bin:/usr/games:/home/unmesh/.rvm/bin:/home/unmesh/sbt0124/sbt/bin:/home/unmesh/work/adt-bundle-linux-x86_64-20130219/sdk/tools:/home/unmesh/work/adt-bundle-linux-x86_64-20130219/sdk/platform-tools:/home/unmesh/ta/trsrc-MAINLINE/scripts:/home/unmesh/jdk8/jdk1.8.0//bin:/home/unmesh/ta/trsrc-MAINLINE//scripts:/home/unmesh/ta/warehouse/clusters/adhoc/hive_home/bin:/home/unmesh/ta/warehouse/clusters/adhoc/hadoop_home/bin:/bin:/bin" />
    <property name="env.XDG_CURRENT_DESKTOP" value="GNOME" />
    <property name="user.language" value="en" />
    <property name="build.root" value="/home/unmesh/work/pubmatic" />
    <property name="env.rvm_prefix" value="/home/unmesh" />
    <property name="build" value="/home/unmesh/work/pubmatic/target/build" />
    <property name="sun.boot.library.path" value="/home/unmesh/jdk8/jdk1.8.0/jre/lib/amd64" />
    <property name="ant.project.default-target" value="package" />
    <property name="env.TRTOP" value="/home/unmesh/ta/trsrc-MAINLINE/" />
    <property name="ant.project.name" value="pubmaticpublisheronboarding" />
    <property name="env.rvm_path" value="/home/unmesh/.rvm" />
    <property name="env.LOCATIONSTOREROOTID" value="1" />
    <property name="java.version" value="1.8.0" />
    <property name="user.timezone" value="Asia/Kolkata" />
    <property name="env.DBUS_SESSION_BUS_ADDRESS" value="unix:abstract=/tmp/dbus-v9kvUirZlm,guid=3850fcd7eab42be757556a0800000010" />
    <property name="sun.arch.data.model" value="64" />
    <property name="env.SSH_AGENT_PID" value="2248" />
    <property name="test.src.dir" value="/home/unmesh/work/pubmatic/test" />
    <property name="java.endorsed.dirs" value="/home/unmesh/jdk8/jdk1.8.0/jre/lib/endorsed" />
    <property name="sun.cpu.isalist" value="" />
    <property name="sun.jnu.encoding" value="UTF-8" />
    <property name="env.rvm_bin_path" value="/home/unmesh/.rvm/bin" />
    <property name="file.encoding.pkg" value="sun.io" />
    <property name="env.SHLVL" value="1" />
    <property name="file.separator" value="/" />
    <property name="java.specification.name" value="Java Platform API Specification" />
    <property name="env.JAVA_BINDIR" value="bin" />
    <property name="env.GNOME_DESKTOP_SESSION_ID" value="this-is-deprecated" />
    <property name="java.class.version" value="52.0" />
    <property name="env.GDMSESSION" value="gnome-fallback" />
    <property name="user.country" value="IN" />
    <property name="env.GNOME_KEYRING_PID" value="2202" />
    <property name="java.home" value="/home/unmesh/jdk8/jdk1.8.0/jre" />
    <property name="java.vm.info" value="mixed mode" />
    <property name="env.OS" value="LINUX" />
    <property name="env.LOGNAME" value="unmesh" />
    <property name="ant.file" value="/home/unmesh/work/pubmatic/build.xml" />
    <property name="os.version" value="3.2.0-32-generic" />
    <property name="env.HADOOP_HOME" value="/home/unmesh/ta/warehouse/clusters/adhoc/hadoop_home" />
    <property name="path.separator" value=":" />
    <property name="env.WHTOP" value="/home/unmesh/ta/warehouse" />
    <property name="java.vm.version" value="25.0-b70" />
    <property name="env.SECURITY_GATEWAY_HOME" value="/home/unmesh/ta/securitygateway/trunk/" />
    <property name="env.LANGUAGE" value="en_IN:en" />
    <property name="ant.library.dir" value="/home/unmesh/work/pubmatic/tools/apache-ant-1.9.3/lib" />
    <property name="env.XDG_SESSION_PATH" value="/org/freedesktop/DisplayManager/Session0" />
    <property name="env.JAVA_HOME" value="/home/unmesh/jdk8/jdk1.8.0/" />
    <property name="env.TERM" value="xterm" />
    <property name="java.awt.printerjob" value="sun.print.PSPrinterJob" />
    <property name="sun.io.unicode.encoding" value="UnicodeLittle" />
    <property name="awt.toolkit" value="sun.awt.X11.XToolkit" />
    <property name="user.home" value="/home/unmesh" />
    <property name="env.OLDPWD" value="/home/unmesh/work/pubmatic/target" />
    <property name="java.specification.vendor" value="Oracle Corporation" />
    <property name="env.COMP_WORDBREAKS" value=" &#x9;&#xa;&quot;&apos;&gt;&lt;;|&amp;(:" />
    <property name="env.WINDOWID" value="67108868" />
    <property name="java.library.path" value="/usr/java/packages/lib/amd64:/usr/lib64:/lib64:/lib:/usr/lib" />
    <property name="java.vendor.url" value="http://java.oracle.com/" />
    <property name="java.vm.vendor" value="Oracle Corporation" />
    <property name="java.runtime.name" value="Java(TM) SE Runtime Environment" />
    <property name="test.build.classes" value="/home/unmesh/work/pubmatic/target/build/testclasses" />
    <property name="java.class.path" value="/home/unmesh/work/pubmatic/target/build/classes:/home/unmesh/work/pubmatic/target/build/testclasses:/home/unmesh/work/pubmatic/lib/compile/akka-actor_2.10.jar:/home/unmesh/work/pubmatic/lib/compile/config.jar:/home/unmesh/work/pubmatic/lib/compile/ivy-2.3.0.jar:/home/unmesh/work/pubmatic/lib/compile/log4j.jar:/home/unmesh/work/pubmatic/lib/compile/scala-compiler.jar:/home/unmesh/work/pubmatic/lib/compile/scala-library.jar:/home/unmesh/work/pubmatic/lib/compile/scala-reflect.jar:/home/unmesh/work/pubmatic/lib/test/akka-actor_2.10.jar:/home/unmesh/work/pubmatic/lib/test/config.jar:/home/unmesh/work/pubmatic/lib/test/hamcrest-core.jar:/home/unmesh/work/pubmatic/lib/test/junit.jar:/home/unmesh/work/pubmatic/lib/test/log4j.jar:/home/unmesh/work/pubmatic/lib/test/scala-compiler.jar:/home/unmesh/work/pubmatic/lib/test/scala-library.jar:/home/unmesh/work/pubmatic/lib/test/scala-reflect.jar:/home/unmesh/work/pubmatic/lib/test/scalatest_2.10.jar:/home/unmesh/work/pubmatic/lib/buildtime/ivy-2.3.0.jar:/home/unmesh/work/pubmatic/lib/runtime/akka-actor_2.10.jar:/home/unmesh/work/pubmatic/lib/runtime/asm-all-repackaged.jar:/home/unmesh/work/pubmatic/lib/runtime/cglib.jar:/home/unmesh/work/pubmatic/lib/runtime/commons-codec.jar:/home/unmesh/work/pubmatic/lib/runtime/config.jar:/home/unmesh/work/pubmatic/lib/runtime/dom4j.jar:/home/unmesh/work/pubmatic/lib/runtime/guava.jar:/home/unmesh/work/pubmatic/lib/runtime/hk2-api.jar:/home/unmesh/work/pubmatic/lib/runtime/hk2-locator.jar:/home/unmesh/work/pubmatic/lib/runtime/hk2-utils.jar:/home/unmesh/work/pubmatic/lib/runtime/javax.annotation-api.jar:/home/unmesh/work/pubmatic/lib/runtime/javax.inject.jar:/home/unmesh/work/pubmatic/lib/runtime/javax.servlet-api.jar:/home/unmesh/work/pubmatic/lib/runtime/javax.ws.rs-api.jar:/home/unmesh/work/pubmatic/lib/runtime/jersey-client.jar:/home/unmesh/work/pubmatic/lib/runtime/jersey-common.jar:/home/unmesh/work/pubmatic/lib/runtime/jersey-container-servlet-core.jar:/home/unmesh/work/pubmatic/lib/runtime/jersey-container-servlet.jar:/home/unmesh/work/pubmatic/lib/runtime/jersey-server.jar:/home/unmesh/work/pubmatic/lib/runtime/jetty-http.jar:/home/unmesh/work/pubmatic/lib/runtime/jetty-io.jar:/home/unmesh/work/pubmatic/lib/runtime/jetty-security.jar:/home/unmesh/work/pubmatic/lib/runtime/jetty-server.jar:/home/unmesh/work/pubmatic/lib/runtime/jetty-servlet.jar:/home/unmesh/work/pubmatic/lib/runtime/jetty-util.jar:/home/unmesh/work/pubmatic/lib/runtime/log4j.jar:/home/unmesh/work/pubmatic/lib/runtime/osgi-resource-locator.jar:/home/unmesh/work/pubmatic/lib/runtime/poi-ooxml-schemas.jar:/home/unmesh/work/pubmatic/lib/runtime/poi-ooxml.jar:/home/unmesh/work/pubmatic/lib/runtime/poi.jar:/home/unmesh/work/pubmatic/lib/runtime/scala-compiler.jar:/home/unmesh/work/pubmatic/lib/runtime/scala-library.jar:/home/unmesh/work/pubmatic/lib/runtime/scala-reflect.jar:/home/unmesh/work/pubmatic/lib/runtime/stax-api.jar:/home/unmesh/work/pubmatic/lib/runtime/validation-api.jar:/home/unmesh/work/pubmatic/lib/runtime/xml-apis.jar:/home/unmesh/work/pubmatic/lib/runtime/xmlbeans.jar:/home/unmesh/work/pubmatic/tools/apache-ant-1.9.3/lib/ant-launcher.jar:/home/unmesh/work/pubmatic/tools/apache-ant-1.9.3/lib/ant.jar:/home/unmesh/work/pubmatic/tools/apache-ant-1.9.3/lib/ant-junit.jar:/home/unmesh/work/pubmatic/tools/apache-ant-1.9.3/lib/ant-junit4.jar" />
    <property name="ant.version" value="Apache Ant(TM) version 1.9.3 compiled on December 23 2013" />
    <property name="sun.java.command" value="org.apache.tools.ant.taskdefs.optional.junit.JUnitTestRunner com.pubmatic.parser.PublisherOnboardingFormPOIBasedParserTest skipNonTests=false filtertrace=true haltOnError=false haltOnFailure=true formatter=org.apache.tools.ant.taskdefs.optional.junit.SummaryJUnitResultFormatter showoutput=false outputtoformatters=true logfailedtests=true logtestlistenerevents=false formatter=org.apache.tools.ant.taskdefs.optional.junit.PlainJUnitResultFormatter formatter=org.apache.tools.ant.taskdefs.optional.junit.PlainJUnitResultFormatter,/home/unmesh/work/pubmatic/target/build/reports/TEST-com.pubmatic.parser.PublisherOnboardingFormPOIBasedParserTest.txt formatter=org.apache.tools.ant.taskdefs.optional.junit.XMLJUnitResultFormatter,/home/unmesh/work/pubmatic/target/build/reports/TEST-com.pubmatic.parser.PublisherOnboardingFormPOIBasedParserTest.xml crashfile=/home/unmesh/work/pubmatic/junitvmwatcher4259542620662604635.properties propsfile=/home/unmesh/work/pubmatic/junit4482048448080630125.properties" />
    <property name="scala.src.dir" value="/home/unmesh/work/pubmatic/src" />
    <property name="env.UBUNTU_MENUPROXY" value="libappmenu.so" />
    <property name="env.XFILESEARCHPATH" value="/usr/dt/app-defaults/%L/Dt" />
    <property name="env.QT_ACCESSIBILITY" value="1" />
    <property name="java.vm.specification.name" value="Java Virtual Machine Specification" />
    <property name="test.junit.reports" value="/home/unmesh/work/pubmatic/target/build/reports" />
    <property name="ant.file.type" value="file" />
    <property name="java.vm.specification.version" value="1.8" />
    <property name="build.classes" value="/home/unmesh/work/pubmatic/target/build/classes" />
    <property name="sun.os.patch.level" value="unknown" />
    <property name="sun.cpu.endian" value="little" />
    <property name="env.HOME" value="/home/unmesh" />
    <property name="env.XDG_SEAT_PATH" value="/org/freedesktop/DisplayManager/Seat0" />
    <property name="java.io.tmpdir" value="/tmp" />
    <property name="env.LS_COLORS" value="rs=0:di=01;34:ln=01;36:mh=00:pi=40;33:so=01;35:do=01;35:bd=40;33;01:cd=40;33;01:or=40;31;01:su=37;41:sg=30;43:ca=30;41:tw=30;42:ow=34;42:st=37;44:ex=01;32:*.tar=01;31:*.tgz=01;31:*.arj=01;31:*.taz=01;31:*.lzh=01;31:*.lzma=01;31:*.tlz=01;31:*.txz=01;31:*.zip=01;31:*.z=01;31:*.Z=01;31:*.dz=01;31:*.gz=01;31:*.lz=01;31:*.xz=01;31:*.bz2=01;31:*.bz=01;31:*.tbz=01;31:*.tbz2=01;31:*.tz=01;31:*.deb=01;31:*.rpm=01;31:*.jar=01;31:*.war=01;31:*.ear=01;31:*.sar=01;31:*.rar=01;31:*.ace=01;31:*.zoo=01;31:*.cpio=01;31:*.7z=01;31:*.rz=01;31:*.jpg=01;35:*.jpeg=01;35:*.gif=01;35:*.bmp=01;35:*.pbm=01;35:*.pgm=01;35:*.ppm=01;35:*.tga=01;35:*.xbm=01;35:*.xpm=01;35:*.tif=01;35:*.tiff=01;35:*.png=01;35:*.svg=01;35:*.svgz=01;35:*.mng=01;35:*.pcx=01;35:*.mov=01;35:*.mpg=01;35:*.mpeg=01;35:*.m2v=01;35:*.mkv=01;35:*.webm=01;35:*.ogm=01;35:*.mp4=01;35:*.m4v=01;35:*.mp4v=01;35:*.vob=01;35:*.qt=01;35:*.nuv=01;35:*.wmv=01;35:*.asf=01;35:*.rm=01;35:*.rmvb=01;35:*.flc=01;35:*.avi=01;35:*.fli=01;35:*.flv=01;35:*.gl=01;35:*.dl=01;35:*.xcf=01;35:*.xwd=01;35:*.yuv=01;35:*.cgm=01;35:*.emf=01;35:*.axv=01;35:*.anx=01;35:*.ogv=01;35:*.ogx=01;35:*.aac=00;36:*.au=00;36:*.flac=00;36:*.mid=00;36:*.midi=00;36:*.mka=00;36:*.mp3=00;36:*.mpc=00;36:*.ogg=00;36:*.ra=00;36:*.wav=00;36:*.axa=00;36:*.oga=00;36:*.spx=00;36:*.xspf=00;36:" />
    <property name="java.vendor.url.bug" value="http://bugreport.sun.com/bugreport/" />
    <property name="env.SSH_AUTH_SOCK" value="/tmp/keyring-X50Pf4/ssh" />
    <property name="java.awt.graphicsenv" value="sun.awt.X11GraphicsEnvironment" />
    <property name="os.arch" value="amd64" />
    <property name="java.ext.dirs" value="/home/unmesh/jdk8/jdk1.8.0/jre/lib/ext:/usr/java/packages/lib/ext" />
    <property name="user.dir" value="/home/unmesh/work/pubmatic" />
    <property name="env.XAUTHORITY" value="/home/unmesh/.Xauthority" />
    <property name="env.MANDATORY_PATH" value="/usr/share/gconf/gnome-fallback.mandatory.path" />
    <property name="env.HIVE_HOME" value="/home/unmesh/ta/warehouse/clusters/adhoc/hive_home" />
    <property name="line.separator" value="&#xa;" />
    <property name="java.vm.name" value="Java HotSpot(TM) 64-Bit Server VM" />
    <property name="env.P4CONFIG" value="/home/unmesh/p4.ini" />
    <property name="env.COLORTERM" value="gnome-terminal" />
    <property name="basedir" value="/home/unmesh/work/pubmatic" />
    <property name="tomcat.web.app.dir" value="/home/unmesh/work/pubmatic/tools/jakarta-tomcat-5.5.7/webapps" />
    <property name="ant.java.version" value="1.8" />
    <property name="ant.core.lib" value="/home/unmesh/work/pubmatic/tools/apache-ant-1.9.3/lib/ant.jar" />
    <property name="env.TRDATA_DIR" value="/home/unmesh/ta/tr-data" />
    <property name="file.encoding" value="UTF-8" />
    <property name="env.GPG_AGENT_INFO" value="/tmp/keyring-X50Pf4/gpg:0:1" />
    <property name="java.src.dir" value="/home/unmesh/work/pubmatic/src" />
    <property name="java.specification.version" value="1.8" />
    <property name="env.GNOME_KEYRING_CONTROL" value="/tmp/keyring-X50Pf4" />
    <property name="env.XDG_CONFIG_DIRS" value="/etc/xdg/xdg-gnome-fallback:/etc/xdg" />
    <property name="ant.project.invoked-targets" value="clean,test" />
    <property name="env.LESSCLOSE" value="/usr/bin/lesspipe %s %s" />
  </properties>
  <testcase classname="com.pubmatic.parser.PublisherOnboardingFormPOIBasedParserTest" name="shouldParseFormControlsFromXlsx" time="0.0">
    <skipped />
  </testcase>
  <testcase classname="com.pubmatic.parser.PublisherOnboardingFormPOIBasedParserTest" name="shouldParsePlatformEngagement" time="0.001" />
  <testcase classname="com.pubmatic.parser.PublisherOnboardingFormPOIBasedParserTest" name="shouldParseOnboardingTables" time="0.0" />
  <system-out><![CDATA[]]></system-out>
  <system-err><![CDATA[]]></system-err>
</testsuite>
