<?xml version="1.0" encoding="UTF-8" ?>
<testsuite errors="1" failures="0" hostname="unmesh-laptop" name="com.pubmatic.parser.PublisherOnboardingFormJExcelAPIBasedParserTest" tests="1" time="0.063" timestamp="2014-04-15T09:05:11">
  <properties>
    <property name="java.vendor" value="Oracle Corporation" />
    <property name="env.SESSION_MANAGER" value="local/unmesh-laptop:@/tmp/.ICE-unix/2213,unix/unmesh-laptop:/tmp/.ICE-unix/2213" />
    <property name="env.LESSOPEN" value="| /usr/bin/lesspipe %s" />
    <property name="sun.java.launcher" value="SUN_STANDARD" />
    <property name="sun.management.compiler" value="HotSpot 64-Bit Tiered Compilers" />
    <property name="dist" value="/home/unmesh/work/pubmatic/target/build/dist" />
    <property name="env.COMMERCE_SERVICE_HOME" value="/home/unmesh/ta/commerceapi/trunk/" />
    <property name="os.name" value="Linux" />
    <property name="sun.boot.class.path" value="/home/unmesh/jdk8/jdk1.8.0/jre/lib/resources.jar:/home/unmesh/jdk8/jdk1.8.0/jre/lib/rt.jar:/home/unmesh/jdk8/jdk1.8.0/jre/lib/sunrsasign.jar:/home/unmesh/jdk8/jdk1.8.0/jre/lib/jsse.jar:/home/unmesh/jdk8/jdk1.8.0/jre/lib/jce.jar:/home/unmesh/jdk8/jdk1.8.0/jre/lib/charsets.jar:/home/unmesh/jdk8/jdk1.8.0/jre/lib/jfr.jar:/home/unmesh/jdk8/jdk1.8.0/jre/classes" />
    <property name="env.PWD" value="/home/unmesh/work/pubmatic" />
    <property name="env.XDG_SESSION_COOKIE" value="b3e4ecee3acf25df3f5330f800000004-1397484879.765139-529957883" />
    <property name="sun.desktop" value="gnome" />
    <property name="env.LANG" value="en_IN" />
    <property name="java.vm.specification.vendor" value="Oracle Corporation" />
    <property name="ant.home" value="/home/unmesh/apache-ant-1.8.2" />
    <property name="java.runtime.version" value="1.8.0-b132" />
    <property name="application.name" value="resetfulproduct" />
    <property name="env.DEFAULTS_PATH" value="/usr/share/gconf/gnome-fallback.default.path" />
    <property name="env.DISPLAY" value=":0" />
    <property name="env.rvm_version" value="1.20.5 (stable)" />
    <property name="env.KEYMANAGEMENT_SERVICE_HOME" value="/home/unmesh/ta/keymanagement/trunk/" />
    <property name="user.name" value="unmesh" />
    <property name="env._" value="/home/unmesh/apache-ant-1.8.2/bin/ant" />
    <property name="env.USER" value="unmesh" />
    <property name="env.SHELL" value="/bin/bash" />
    <property name="env.DESKTOP_SESSION" value="gnome-fallback" />
    <property name="env.XDG_DATA_DIRS" value="/usr/share/gnome-fallback:/usr/share/gnome:/usr/local/share/:/usr/share/" />
    <property name="env.NLSPATH" value="/usr/dt/lib/nls/msg/%L/%N.cat" />
    <property name="env.PATH" value="/home/unmesh/jdk8/jdk1.8.0//bin:/usr/local/heroku/bin:/home/unmesh/bin:/usr/lib/lightdm/lightdm:/usr/local/sbin:/usr/local/bin:/usr/sbin:/usr/bin:/sbin:/bin:/usr/games:/home/unmesh/.rvm/bin:/home/unmesh/sbt0124/sbt/bin:/home/unmesh/work/adt-bundle-linux-x86_64-20130219/sdk/tools:/home/unmesh/work/adt-bundle-linux-x86_64-20130219/sdk/platform-tools:/home/unmesh/ta/trsrc-MAINLINE/scripts:/home/unmesh/jdk8/jdk1.8.0//bin:/home/unmesh/ta/trsrc-MAINLINE//scripts:/home/unmesh/ta/warehouse/clusters/adhoc/hive_home/bin:/home/unmesh/ta/warehouse/clusters/adhoc/hadoop_home/bin:/bin:/bin" />
    <property name="env.XDG_CURRENT_DESKTOP" value="GNOME" />
    <property name="user.language" value="en" />
    <property name="build.root" value="/home/unmesh/work/pubmatic" />
    <property name="env.rvm_prefix" value="/home/unmesh" />
    <property name="build" value="/home/unmesh/work/pubmatic/target/build" />
    <property name="sun.boot.library.path" value="/home/unmesh/jdk8/jdk1.8.0/jre/lib/amd64" />
    <property name="ant.project.default-target" value="package" />
    <property name="env.TRTOP" value="/home/unmesh/ta/trsrc-MAINLINE/" />
    <property name="ant.project.name" value="phalankreviews" />
    <property name="env.rvm_path" value="/home/unmesh/.rvm" />
    <property name="env.LOCATIONSTOREROOTID" value="1" />
    <property name="java.version" value="1.8.0" />
    <property name="user.timezone" value="Asia/Kolkata" />
    <property name="env.DBUS_SESSION_BUS_ADDRESS" value="unix:abstract=/tmp/dbus-v9kvUirZlm,guid=3850fcd7eab42be757556a0800000010" />
    <property name="sun.arch.data.model" value="64" />
    <property name="env.SSH_AGENT_PID" value="2248" />
    <property name="test.src.dir" value="/home/unmesh/work/pubmatic/test" />
    <property name="java.endorsed.dirs" value="/home/unmesh/jdk8/jdk1.8.0/jre/lib/endorsed" />
    <property name="sun.cpu.isalist" value="" />
    <property name="sun.jnu.encoding" value="UTF-8" />
    <property name="env.rvm_bin_path" value="/home/unmesh/.rvm/bin" />
    <property name="file.encoding.pkg" value="sun.io" />
    <property name="env.SHLVL" value="1" />
    <property name="file.separator" value="/" />
    <property name="java.specification.name" value="Java Platform API Specification" />
    <property name="env.JAVA_BINDIR" value="bin" />
    <property name="env.GNOME_DESKTOP_SESSION_ID" value="this-is-deprecated" />
    <property name="java.class.version" value="52.0" />
    <property name="env.GDMSESSION" value="gnome-fallback" />
    <property name="user.country" value="IN" />
    <property name="env.GNOME_KEYRING_PID" value="2202" />
    <property name="java.home" value="/home/unmesh/jdk8/jdk1.8.0/jre" />
    <property name="java.vm.info" value="mixed mode" />
    <property name="env.OS" value="LINUX" />
    <property name="env.LOGNAME" value="unmesh" />
    <property name="ant.file" value="/home/unmesh/work/pubmatic/build.xml" />
    <property name="os.version" value="3.2.0-32-generic" />
    <property name="env.HADOOP_HOME" value="/home/unmesh/ta/warehouse/clusters/adhoc/hadoop_home" />
    <property name="path.separator" value=":" />
    <property name="env.WHTOP" value="/home/unmesh/ta/warehouse" />
    <property name="java.vm.version" value="25.0-b70" />
    <property name="env.SECURITY_GATEWAY_HOME" value="/home/unmesh/ta/securitygateway/trunk/" />
    <property name="env.LANGUAGE" value="en_IN:en" />
    <property name="ant.library.dir" value="/home/unmesh/apache-ant-1.8.2/lib" />
    <property name="env.XDG_SESSION_PATH" value="/org/freedesktop/DisplayManager/Session0" />
    <property name="env.JAVA_HOME" value="/home/unmesh/jdk8/jdk1.8.0/" />
    <property name="env.TERM" value="xterm" />
    <property name="java.awt.printerjob" value="sun.print.PSPrinterJob" />
    <property name="sun.io.unicode.encoding" value="UnicodeLittle" />
    <property name="awt.toolkit" value="sun.awt.X11.XToolkit" />
    <property name="user.home" value="/home/unmesh" />
    <property name="env.OLDPWD" value="/home/unmesh/work/techops" />
    <property name="java.specification.vendor" value="Oracle Corporation" />
    <property name="env.COMP_WORDBREAKS" value=" &#x9;&#xa;&quot;&apos;&gt;&lt;;|&amp;(:" />
    <property name="env.WINDOWID" value="67108868" />
    <property name="java.library.path" value="/usr/java/packages/lib/amd64:/usr/lib64:/lib64:/lib:/usr/lib" />
    <property name="java.vendor.url" value="http://java.oracle.com/" />
    <property name="java.vm.vendor" value="Oracle Corporation" />
    <property name="ant.file.phalankreviews" value="/home/unmesh/work/pubmatic/build.xml" />
    <property name="java.runtime.name" value="Java(TM) SE Runtime Environment" />
    <property name="test.build.classes" value="/home/unmesh/work/pubmatic/target/build/testclasses" />
    <property name="java.class.path" value="/home/unmesh/apache-ant-1.8.2/lib/ant-launcher.jar:/home/unmesh/apache-ant-1.8.2/lib/ant-junit.jar:/home/unmesh/apache-ant-1.8.2/lib/ant-apache-bsf.jar:/home/unmesh/apache-ant-1.8.2/lib/mingle-cards.jar:/home/unmesh/apache-ant-1.8.2/lib/ant-jai.jar:/home/unmesh/apache-ant-1.8.2/lib/ant-swing.jar:/home/unmesh/apache-ant-1.8.2/lib/ant-jdepend.jar:/home/unmesh/apache-ant-1.8.2/lib/log4j-1.2.16.jar:/home/unmesh/apache-ant-1.8.2/lib/ant-jmf.jar:/home/unmesh/apache-ant-1.8.2/lib/ant-apache-resolver.jar:/home/unmesh/apache-ant-1.8.2/lib/jakarta-oro-2.0.8.jar:/home/unmesh/apache-ant-1.8.2/lib/ant-contrib-1.0b3.jar:/home/unmesh/apache-ant-1.8.2/lib/ant-contrib-1.0b2.jar:/home/unmesh/apache-ant-1.8.2/lib/ant-junit4.jar:/home/unmesh/apache-ant-1.8.2/lib/ant-apache-bcel.jar:/home/unmesh/apache-ant-1.8.2/lib/ant-commons-net.jar:/home/unmesh/apache-ant-1.8.2/lib/ant-jsch.jar:/home/unmesh/apache-ant-1.8.2/lib/ant-antlr.jar:/home/unmesh/apache-ant-1.8.2/lib/ant-javamail.jar:/home/unmesh/apache-ant-1.8.2/lib/jsch-0.1.44.jar:/home/unmesh/apache-ant-1.8.2/lib/ant-apache-oro.jar:/home/unmesh/apache-ant-1.8.2/lib/ant.jar:/home/unmesh/apache-ant-1.8.2/lib/ant-launcher.jar:/home/unmesh/apache-ant-1.8.2/lib/ant-testutil.jar:/home/unmesh/apache-ant-1.8.2/lib/ant-netrexx.jar:/home/unmesh/apache-ant-1.8.2/lib/antomology-bin-1.0.0.jar:/home/unmesh/apache-ant-1.8.2/lib/ant-apache-regexp.jar:/home/unmesh/apache-ant-1.8.2/lib/ant-apache-log4j.jar:/home/unmesh/apache-ant-1.8.2/lib/ant-commons-logging.jar:/home/unmesh/apache-ant-1.8.2/lib/ant-apache-xalan2.jar:/home/unmesh/jdk8/jdk1.8.0/lib/tools.jar" />
    <property name="ant.version" value="Apache Ant(TM) version 1.8.2 compiled on December 20 2010" />
    <property name="sun.java.command" value="org.apache.tools.ant.launch.Launcher -cp  test" />
    <property name="scala.src.dir" value="/home/unmesh/work/pubmatic/src" />
    <property name="ant.file.type.phalankreviews" value="file" />
    <property name="env.UBUNTU_MENUPROXY" value="libappmenu.so" />
    <property name="env.XFILESEARCHPATH" value="/usr/dt/app-defaults/%L/Dt" />
    <property name="env.QT_ACCESSIBILITY" value="1" />
    <property name="java.vm.specification.name" value="Java Virtual Machine Specification" />
    <property name="test.junit.reports" value="/home/unmesh/work/pubmatic/target/build/reports" />
    <property name="ant.file.type" value="file" />
    <property name="java.vm.specification.version" value="1.8" />
    <property name="build.classes" value="/home/unmesh/work/pubmatic/target/build/classes" />
    <property name="sun.os.patch.level" value="unknown" />
    <property name="sun.cpu.endian" value="little" />
    <property name="env.HOME" value="/home/unmesh" />
    <property name="env.XDG_SEAT_PATH" value="/org/freedesktop/DisplayManager/Seat0" />
    <property name="java.io.tmpdir" value="/tmp" />
    <property name="env.LS_COLORS" value="rs=0:di=01;34:ln=01;36:mh=00:pi=40;33:so=01;35:do=01;35:bd=40;33;01:cd=40;33;01:or=40;31;01:su=37;41:sg=30;43:ca=30;41:tw=30;42:ow=34;42:st=37;44:ex=01;32:*.tar=01;31:*.tgz=01;31:*.arj=01;31:*.taz=01;31:*.lzh=01;31:*.lzma=01;31:*.tlz=01;31:*.txz=01;31:*.zip=01;31:*.z=01;31:*.Z=01;31:*.dz=01;31:*.gz=01;31:*.lz=01;31:*.xz=01;31:*.bz2=01;31:*.bz=01;31:*.tbz=01;31:*.tbz2=01;31:*.tz=01;31:*.deb=01;31:*.rpm=01;31:*.jar=01;31:*.war=01;31:*.ear=01;31:*.sar=01;31:*.rar=01;31:*.ace=01;31:*.zoo=01;31:*.cpio=01;31:*.7z=01;31:*.rz=01;31:*.jpg=01;35:*.jpeg=01;35:*.gif=01;35:*.bmp=01;35:*.pbm=01;35:*.pgm=01;35:*.ppm=01;35:*.tga=01;35:*.xbm=01;35:*.xpm=01;35:*.tif=01;35:*.tiff=01;35:*.png=01;35:*.svg=01;35:*.svgz=01;35:*.mng=01;35:*.pcx=01;35:*.mov=01;35:*.mpg=01;35:*.mpeg=01;35:*.m2v=01;35:*.mkv=01;35:*.webm=01;35:*.ogm=01;35:*.mp4=01;35:*.m4v=01;35:*.mp4v=01;35:*.vob=01;35:*.qt=01;35:*.nuv=01;35:*.wmv=01;35:*.asf=01;35:*.rm=01;35:*.rmvb=01;35:*.flc=01;35:*.avi=01;35:*.fli=01;35:*.flv=01;35:*.gl=01;35:*.dl=01;35:*.xcf=01;35:*.xwd=01;35:*.yuv=01;35:*.cgm=01;35:*.emf=01;35:*.axv=01;35:*.anx=01;35:*.ogv=01;35:*.ogx=01;35:*.aac=00;36:*.au=00;36:*.flac=00;36:*.mid=00;36:*.midi=00;36:*.mka=00;36:*.mp3=00;36:*.mpc=00;36:*.ogg=00;36:*.ra=00;36:*.wav=00;36:*.axa=00;36:*.oga=00;36:*.spx=00;36:*.xspf=00;36:" />
    <property name="java.vendor.url.bug" value="http://bugreport.sun.com/bugreport/" />
    <property name="env.SSH_AUTH_SOCK" value="/tmp/keyring-X50Pf4/ssh" />
    <property name="java.awt.graphicsenv" value="sun.awt.X11GraphicsEnvironment" />
    <property name="os.arch" value="amd64" />
    <property name="java.ext.dirs" value="/home/unmesh/jdk8/jdk1.8.0/jre/lib/ext:/usr/java/packages/lib/ext" />
    <property name="user.dir" value="/home/unmesh/work/pubmatic" />
    <property name="env.XAUTHORITY" value="/home/unmesh/.Xauthority" />
    <property name="env.MANDATORY_PATH" value="/usr/share/gconf/gnome-fallback.mandatory.path" />
    <property name="env.HIVE_HOME" value="/home/unmesh/ta/warehouse/clusters/adhoc/hive_home" />
    <property name="line.separator" value="&#xa;" />
    <property name="java.vm.name" value="Java HotSpot(TM) 64-Bit Server VM" />
    <property name="env.P4CONFIG" value="/home/unmesh/p4.ini" />
    <property name="env.COLORTERM" value="gnome-terminal" />
    <property name="basedir" value="/home/unmesh/work/pubmatic" />
    <property name="tomcat.web.app.dir" value="/home/unmesh/work/pubmatic/tools/jakarta-tomcat-5.5.7/webapps" />
    <property name="ant.java.version" value="1.7" />
    <property name="ant.core.lib" value="/home/unmesh/apache-ant-1.8.2/lib/ant.jar" />
    <property name="env.TRDATA_DIR" value="/home/unmesh/ta/tr-data" />
    <property name="file.encoding" value="UTF-8" />
    <property name="env.GPG_AGENT_INFO" value="/tmp/keyring-X50Pf4/gpg:0:1" />
    <property name="java.src.dir" value="/home/unmesh/work/pubmatic/src" />
    <property name="java.specification.version" value="1.8" />
    <property name="env.GNOME_KEYRING_CONTROL" value="/tmp/keyring-X50Pf4" />
    <property name="env.XDG_CONFIG_DIRS" value="/etc/xdg/xdg-gnome-fallback:/etc/xdg" />
    <property name="ant.project.invoked-targets" value="test" />
    <property name="env.LESSCLOSE" value="/usr/bin/lesspipe %s %s" />
  </properties>
  <testcase classname="com.pubmatic.parser.PublisherOnboardingFormJExcelAPIBasedParserTest" name="shouldParseOnboardingFormXlsx" time="0.017">
    <error message="jxl/Workbook" type="java.lang.NoClassDefFoundError">java.lang.NoClassDefFoundError: jxl/Workbook
	at com.pubmatic.parser.PublisherOnboardingFormJExcelAPIBasedParserTest.shouldParseOnboardingFormXlsx(PublisherOnboardingFormJExcelAPIBasedParserTest.java:20)
Caused by: java.lang.ClassNotFoundException: jxl.Workbook
	at java.lang.ClassLoader.loadClass(ClassLoader.java:357)
</error>
  </testcase>
  <system-out><![CDATA[]]></system-out>
  <system-err><![CDATA[Unable to obtain resource from /home/unmesh/work/pubmatic/target/build/classes/com/pubmatic/parser/Contact.class: 
java.util.zip.ZipException: error in opening zip file
	at java.util.zip.ZipFile.open(Native Method)
	at java.util.zip.ZipFile.<init>(ZipFile.java:220)
	at java.util.zip.ZipFile.<init>(ZipFile.java:150)
	at java.util.jar.JarFile.<init>(JarFile.java:166)
	at java.util.jar.JarFile.<init>(JarFile.java:130)
	at org.apache.tools.ant.AntClassLoader.getResourceURL(AntClassLoader.java:1002)
	at org.apache.tools.ant.AntClassLoader$ResourceEnumeration.findNextResource(AntClassLoader.java:145)
	at org.apache.tools.ant.AntClassLoader$ResourceEnumeration.<init>(AntClassLoader.java:109)
	at org.apache.tools.ant.AntClassLoader.findResources(AntClassLoader.java:949)
	at org.apache.tools.ant.AntClassLoader.findResources(AntClassLoader.java:931)
	at java.lang.ClassLoader.getResources(ClassLoader.java:1139)
	at java.util.ServiceLoader$LazyIterator.hasNextService(ServiceLoader.java:348)
	at java.util.ServiceLoader$LazyIterator.hasNext(ServiceLoader.java:393)
	at java.util.ServiceLoader$1.hasNext(ServiceLoader.java:474)
	at javax.xml.parsers.FactoryFinder$1.run(FactoryFinder.java:293)
	at java.security.AccessController.doPrivileged(Native Method)
	at javax.xml.parsers.FactoryFinder.findServiceProvider(FactoryFinder.java:289)
	at javax.xml.parsers.FactoryFinder.find(FactoryFinder.java:267)
	at javax.xml.parsers.DocumentBuilderFactory.newInstance(DocumentBuilderFactory.java:120)
	at org.apache.tools.ant.taskdefs.optional.junit.XMLJUnitResultFormatter.getDocumentBuilder(XMLJUnitResultFormatter.java:60)
	at org.apache.tools.ant.taskdefs.optional.junit.XMLJUnitResultFormatter.startTestSuite(XMLJUnitResultFormatter.java:115)
	at org.apache.tools.ant.taskdefs.optional.junit.JUnitTestRunner.fireStartTestSuite(JUnitTestRunner.java:719)
	at org.apache.tools.ant.taskdefs.optional.junit.JUnitTestRunner.run(JUnitTestRunner.java:506)
	at org.apache.tools.ant.taskdefs.optional.junit.JUnitTask.executeInVM(JUnitTask.java:1420)
	at org.apache.tools.ant.taskdefs.optional.junit.JUnitTask.execute(JUnitTask.java:848)
	at org.apache.tools.ant.taskdefs.optional.junit.JUnitTask.executeOrQueue(JUnitTask.java:1899)
	at org.apache.tools.ant.taskdefs.optional.junit.JUnitTask.execute(JUnitTask.java:800)
	at org.apache.tools.ant.UnknownElement.execute(UnknownElement.java:291)
	at sun.reflect.GeneratedMethodAccessor4.invoke(Unknown Source)
	at sun.reflect.DelegatingMethodAccessorImpl.invoke(DelegatingMethodAccessorImpl.java:43)
	at java.lang.reflect.Method.invoke(Method.java:483)
	at org.apache.tools.ant.dispatch.DispatchUtils.execute(DispatchUtils.java:106)
	at org.apache.tools.ant.Task.perform(Task.java:348)
	at org.apache.tools.ant.Target.execute(Target.java:390)
	at org.apache.tools.ant.Target.performTasks(Target.java:411)
	at org.apache.tools.ant.Project.executeSortedTargets(Project.java:1399)
	at org.apache.tools.ant.Project.executeTarget(Project.java:1368)
	at org.apache.tools.ant.helper.DefaultExecutor.executeTargets(DefaultExecutor.java:41)
	at org.apache.tools.ant.Project.executeTargets(Project.java:1251)
	at org.apache.tools.ant.Main.runBuild(Main.java:809)
	at org.apache.tools.ant.Main.startAnt(Main.java:217)
	at org.apache.tools.ant.launch.Launcher.run(Launcher.java:280)
	at org.apache.tools.ant.launch.Launcher.main(Launcher.java:109)
Unable to obtain resource from /home/unmesh/work/pubmatic/target/build/classes/com/pubmatic/parser/DesktopApplications.class: 
java.util.zip.ZipException: error in opening zip file
	at java.util.zip.ZipFile.open(Native Method)
	at java.util.zip.ZipFile.<init>(ZipFile.java:220)
	at java.util.zip.ZipFile.<init>(ZipFile.java:150)
	at java.util.jar.JarFile.<init>(JarFile.java:166)
	at java.util.jar.JarFile.<init>(JarFile.java:130)
	at org.apache.tools.ant.AntClassLoader.getResourceURL(AntClassLoader.java:1002)
	at org.apache.tools.ant.AntClassLoader$ResourceEnumeration.findNextResource(AntClassLoader.java:145)
	at org.apache.tools.ant.AntClassLoader$ResourceEnumeration.<init>(AntClassLoader.java:109)
	at org.apache.tools.ant.AntClassLoader.findResources(AntClassLoader.java:949)
	at org.apache.tools.ant.AntClassLoader.findResources(AntClassLoader.java:931)
	at java.lang.ClassLoader.getResources(ClassLoader.java:1139)
	at java.util.ServiceLoader$LazyIterator.hasNextService(ServiceLoader.java:348)
	at java.util.ServiceLoader$LazyIterator.hasNext(ServiceLoader.java:393)
	at java.util.ServiceLoader$1.hasNext(ServiceLoader.java:474)
	at javax.xml.parsers.FactoryFinder$1.run(FactoryFinder.java:293)
	at java.security.AccessController.doPrivileged(Native Method)
	at javax.xml.parsers.FactoryFinder.findServiceProvider(FactoryFinder.java:289)
	at javax.xml.parsers.FactoryFinder.find(FactoryFinder.java:267)
	at javax.xml.parsers.DocumentBuilderFactory.newInstance(DocumentBuilderFactory.java:120)
	at org.apache.tools.ant.taskdefs.optional.junit.XMLJUnitResultFormatter.getDocumentBuilder(XMLJUnitResultFormatter.java:60)
	at org.apache.tools.ant.taskdefs.optional.junit.XMLJUnitResultFormatter.startTestSuite(XMLJUnitResultFormatter.java:115)
	at org.apache.tools.ant.taskdefs.optional.junit.JUnitTestRunner.fireStartTestSuite(JUnitTestRunner.java:719)
	at org.apache.tools.ant.taskdefs.optional.junit.JUnitTestRunner.run(JUnitTestRunner.java:506)
	at org.apache.tools.ant.taskdefs.optional.junit.JUnitTask.executeInVM(JUnitTask.java:1420)
	at org.apache.tools.ant.taskdefs.optional.junit.JUnitTask.execute(JUnitTask.java:848)
	at org.apache.tools.ant.taskdefs.optional.junit.JUnitTask.executeOrQueue(JUnitTask.java:1899)
	at org.apache.tools.ant.taskdefs.optional.junit.JUnitTask.execute(JUnitTask.java:800)
	at org.apache.tools.ant.UnknownElement.execute(UnknownElement.java:291)
	at sun.reflect.GeneratedMethodAccessor4.invoke(Unknown Source)
	at sun.reflect.DelegatingMethodAccessorImpl.invoke(DelegatingMethodAccessorImpl.java:43)
	at java.lang.reflect.Method.invoke(Method.java:483)
	at org.apache.tools.ant.dispatch.DispatchUtils.execute(DispatchUtils.java:106)
	at org.apache.tools.ant.Task.perform(Task.java:348)
	at org.apache.tools.ant.Target.execute(Target.java:390)
	at org.apache.tools.ant.Target.performTasks(Target.java:411)
	at org.apache.tools.ant.Project.executeSortedTargets(Project.java:1399)
	at org.apache.tools.ant.Project.executeTarget(Project.java:1368)
	at org.apache.tools.ant.helper.DefaultExecutor.executeTargets(DefaultExecutor.java:41)
	at org.apache.tools.ant.Project.executeTargets(Project.java:1251)
	at org.apache.tools.ant.Main.runBuild(Main.java:809)
	at org.apache.tools.ant.Main.startAnt(Main.java:217)
	at org.apache.tools.ant.launch.Launcher.run(Launcher.java:280)
	at org.apache.tools.ant.launch.Launcher.main(Launcher.java:109)
Unable to obtain resource from /home/unmesh/work/pubmatic/target/build/classes/com/pubmatic/parser/HighLevelSiteInfo.class: 
java.util.zip.ZipException: error in opening zip file
	at java.util.zip.ZipFile.open(Native Method)
	at java.util.zip.ZipFile.<init>(ZipFile.java:220)
	at java.util.zip.ZipFile.<init>(ZipFile.java:150)
	at java.util.jar.JarFile.<init>(JarFile.java:166)
	at java.util.jar.JarFile.<init>(JarFile.java:130)
	at org.apache.tools.ant.AntClassLoader.getResourceURL(AntClassLoader.java:1002)
	at org.apache.tools.ant.AntClassLoader$ResourceEnumeration.findNextResource(AntClassLoader.java:145)
	at org.apache.tools.ant.AntClassLoader$ResourceEnumeration.<init>(AntClassLoader.java:109)
	at org.apache.tools.ant.AntClassLoader.findResources(AntClassLoader.java:949)
	at org.apache.tools.ant.AntClassLoader.findResources(AntClassLoader.java:931)
	at java.lang.ClassLoader.getResources(ClassLoader.java:1139)
	at java.util.ServiceLoader$LazyIterator.hasNextService(ServiceLoader.java:348)
	at java.util.ServiceLoader$LazyIterator.hasNext(ServiceLoader.java:393)
	at java.util.ServiceLoader$1.hasNext(ServiceLoader.java:474)
	at javax.xml.parsers.FactoryFinder$1.run(FactoryFinder.java:293)
	at java.security.AccessController.doPrivileged(Native Method)
	at javax.xml.parsers.FactoryFinder.findServiceProvider(FactoryFinder.java:289)
	at javax.xml.parsers.FactoryFinder.find(FactoryFinder.java:267)
	at javax.xml.parsers.DocumentBuilderFactory.newInstance(DocumentBuilderFactory.java:120)
	at org.apache.tools.ant.taskdefs.optional.junit.XMLJUnitResultFormatter.getDocumentBuilder(XMLJUnitResultFormatter.java:60)
	at org.apache.tools.ant.taskdefs.optional.junit.XMLJUnitResultFormatter.startTestSuite(XMLJUnitResultFormatter.java:115)
	at org.apache.tools.ant.taskdefs.optional.junit.JUnitTestRunner.fireStartTestSuite(JUnitTestRunner.java:719)
	at org.apache.tools.ant.taskdefs.optional.junit.JUnitTestRunner.run(JUnitTestRunner.java:506)
	at org.apache.tools.ant.taskdefs.optional.junit.JUnitTask.executeInVM(JUnitTask.java:1420)
	at org.apache.tools.ant.taskdefs.optional.junit.JUnitTask.execute(JUnitTask.java:848)
	at org.apache.tools.ant.taskdefs.optional.junit.JUnitTask.executeOrQueue(JUnitTask.java:1899)
	at org.apache.tools.ant.taskdefs.optional.junit.JUnitTask.execute(JUnitTask.java:800)
	at org.apache.tools.ant.UnknownElement.execute(UnknownElement.java:291)
	at sun.reflect.GeneratedMethodAccessor4.invoke(Unknown Source)
	at sun.reflect.DelegatingMethodAccessorImpl.invoke(DelegatingMethodAccessorImpl.java:43)
	at java.lang.reflect.Method.invoke(Method.java:483)
	at org.apache.tools.ant.dispatch.DispatchUtils.execute(DispatchUtils.java:106)
	at org.apache.tools.ant.Task.perform(Task.java:348)
	at org.apache.tools.ant.Target.execute(Target.java:390)
	at org.apache.tools.ant.Target.performTasks(Target.java:411)
	at org.apache.tools.ant.Project.executeSortedTargets(Project.java:1399)
	at org.apache.tools.ant.Project.executeTarget(Project.java:1368)
	at org.apache.tools.ant.helper.DefaultExecutor.executeTargets(DefaultExecutor.java:41)
	at org.apache.tools.ant.Project.executeTargets(Project.java:1251)
	at org.apache.tools.ant.Main.runBuild(Main.java:809)
	at org.apache.tools.ant.Main.startAnt(Main.java:217)
	at org.apache.tools.ant.launch.Launcher.run(Launcher.java:280)
	at org.apache.tools.ant.launch.Launcher.main(Launcher.java:109)
Unable to obtain resource from /home/unmesh/work/pubmatic/target/build/classes/com/pubmatic/parser/Onboarding.class: 
java.util.zip.ZipException: error in opening zip file
	at java.util.zip.ZipFile.open(Native Method)
	at java.util.zip.ZipFile.<init>(ZipFile.java:220)
	at java.util.zip.ZipFile.<init>(ZipFile.java:150)
	at java.util.jar.JarFile.<init>(JarFile.java:166)
	at java.util.jar.JarFile.<init>(JarFile.java:130)
	at org.apache.tools.ant.AntClassLoader.getResourceURL(AntClassLoader.java:1002)
	at org.apache.tools.ant.AntClassLoader$ResourceEnumeration.findNextResource(AntClassLoader.java:145)
	at org.apache.tools.ant.AntClassLoader$ResourceEnumeration.<init>(AntClassLoader.java:109)
	at org.apache.tools.ant.AntClassLoader.findResources(AntClassLoader.java:949)
	at org.apache.tools.ant.AntClassLoader.findResources(AntClassLoader.java:931)
	at java.lang.ClassLoader.getResources(ClassLoader.java:1139)
	at java.util.ServiceLoader$LazyIterator.hasNextService(ServiceLoader.java:348)
	at java.util.ServiceLoader$LazyIterator.hasNext(ServiceLoader.java:393)
	at java.util.ServiceLoader$1.hasNext(ServiceLoader.java:474)
	at javax.xml.parsers.FactoryFinder$1.run(FactoryFinder.java:293)
	at java.security.AccessController.doPrivileged(Native Method)
	at javax.xml.parsers.FactoryFinder.findServiceProvider(FactoryFinder.java:289)
	at javax.xml.parsers.FactoryFinder.find(FactoryFinder.java:267)
	at javax.xml.parsers.DocumentBuilderFactory.newInstance(DocumentBuilderFactory.java:120)
	at org.apache.tools.ant.taskdefs.optional.junit.XMLJUnitResultFormatter.getDocumentBuilder(XMLJUnitResultFormatter.java:60)
	at org.apache.tools.ant.taskdefs.optional.junit.XMLJUnitResultFormatter.startTestSuite(XMLJUnitResultFormatter.java:115)
	at org.apache.tools.ant.taskdefs.optional.junit.JUnitTestRunner.fireStartTestSuite(JUnitTestRunner.java:719)
	at org.apache.tools.ant.taskdefs.optional.junit.JUnitTestRunner.run(JUnitTestRunner.java:506)
	at org.apache.tools.ant.taskdefs.optional.junit.JUnitTask.executeInVM(JUnitTask.java:1420)
	at org.apache.tools.ant.taskdefs.optional.junit.JUnitTask.execute(JUnitTask.java:848)
	at org.apache.tools.ant.taskdefs.optional.junit.JUnitTask.executeOrQueue(JUnitTask.java:1899)
	at org.apache.tools.ant.taskdefs.optional.junit.JUnitTask.execute(JUnitTask.java:800)
	at org.apache.tools.ant.UnknownElement.execute(UnknownElement.java:291)
	at sun.reflect.GeneratedMethodAccessor4.invoke(Unknown Source)
	at sun.reflect.DelegatingMethodAccessorImpl.invoke(DelegatingMethodAccessorImpl.java:43)
	at java.lang.reflect.Method.invoke(Method.java:483)
	at org.apache.tools.ant.dispatch.DispatchUtils.execute(DispatchUtils.java:106)
	at org.apache.tools.ant.Task.perform(Task.java:348)
	at org.apache.tools.ant.Target.execute(Target.java:390)
	at org.apache.tools.ant.Target.performTasks(Target.java:411)
	at org.apache.tools.ant.Project.executeSortedTargets(Project.java:1399)
	at org.apache.tools.ant.Project.executeTarget(Project.java:1368)
	at org.apache.tools.ant.helper.DefaultExecutor.executeTargets(DefaultExecutor.java:41)
	at org.apache.tools.ant.Project.executeTargets(Project.java:1251)
	at org.apache.tools.ant.Main.runBuild(Main.java:809)
	at org.apache.tools.ant.Main.startAnt(Main.java:217)
	at org.apache.tools.ant.launch.Launcher.run(Launcher.java:280)
	at org.apache.tools.ant.launch.Launcher.main(Launcher.java:109)
Unable to obtain resource from /home/unmesh/work/pubmatic/target/build/classes/com/pubmatic/parser/PlatformEngagement.class: 
java.util.zip.ZipException: error in opening zip file
	at java.util.zip.ZipFile.open(Native Method)
	at java.util.zip.ZipFile.<init>(ZipFile.java:220)
	at java.util.zip.ZipFile.<init>(ZipFile.java:150)
	at java.util.jar.JarFile.<init>(JarFile.java:166)
	at java.util.jar.JarFile.<init>(JarFile.java:130)
	at org.apache.tools.ant.AntClassLoader.getResourceURL(AntClassLoader.java:1002)
	at org.apache.tools.ant.AntClassLoader$ResourceEnumeration.findNextResource(AntClassLoader.java:145)
	at org.apache.tools.ant.AntClassLoader$ResourceEnumeration.<init>(AntClassLoader.java:109)
	at org.apache.tools.ant.AntClassLoader.findResources(AntClassLoader.java:949)
	at org.apache.tools.ant.AntClassLoader.findResources(AntClassLoader.java:931)
	at java.lang.ClassLoader.getResources(ClassLoader.java:1139)
	at java.util.ServiceLoader$LazyIterator.hasNextService(ServiceLoader.java:348)
	at java.util.ServiceLoader$LazyIterator.hasNext(ServiceLoader.java:393)
	at java.util.ServiceLoader$1.hasNext(ServiceLoader.java:474)
	at javax.xml.parsers.FactoryFinder$1.run(FactoryFinder.java:293)
	at java.security.AccessController.doPrivileged(Native Method)
	at javax.xml.parsers.FactoryFinder.findServiceProvider(FactoryFinder.java:289)
	at javax.xml.parsers.FactoryFinder.find(FactoryFinder.java:267)
	at javax.xml.parsers.DocumentBuilderFactory.newInstance(DocumentBuilderFactory.java:120)
	at org.apache.tools.ant.taskdefs.optional.junit.XMLJUnitResultFormatter.getDocumentBuilder(XMLJUnitResultFormatter.java:60)
	at org.apache.tools.ant.taskdefs.optional.junit.XMLJUnitResultFormatter.startTestSuite(XMLJUnitResultFormatter.java:115)
	at org.apache.tools.ant.taskdefs.optional.junit.JUnitTestRunner.fireStartTestSuite(JUnitTestRunner.java:719)
	at org.apache.tools.ant.taskdefs.optional.junit.JUnitTestRunner.run(JUnitTestRunner.java:506)
	at org.apache.tools.ant.taskdefs.optional.junit.JUnitTask.executeInVM(JUnitTask.java:1420)
	at org.apache.tools.ant.taskdefs.optional.junit.JUnitTask.execute(JUnitTask.java:848)
	at org.apache.tools.ant.taskdefs.optional.junit.JUnitTask.executeOrQueue(JUnitTask.java:1899)
	at org.apache.tools.ant.taskdefs.optional.junit.JUnitTask.execute(JUnitTask.java:800)
	at org.apache.tools.ant.UnknownElement.execute(UnknownElement.java:291)
	at sun.reflect.GeneratedMethodAccessor4.invoke(Unknown Source)
	at sun.reflect.DelegatingMethodAccessorImpl.invoke(DelegatingMethodAccessorImpl.java:43)
	at java.lang.reflect.Method.invoke(Method.java:483)
	at org.apache.tools.ant.dispatch.DispatchUtils.execute(DispatchUtils.java:106)
	at org.apache.tools.ant.Task.perform(Task.java:348)
	at org.apache.tools.ant.Target.execute(Target.java:390)
	at org.apache.tools.ant.Target.performTasks(Target.java:411)
	at org.apache.tools.ant.Project.executeSortedTargets(Project.java:1399)
	at org.apache.tools.ant.Project.executeTarget(Project.java:1368)
	at org.apache.tools.ant.helper.DefaultExecutor.executeTargets(DefaultExecutor.java:41)
	at org.apache.tools.ant.Project.executeTargets(Project.java:1251)
	at org.apache.tools.ant.Main.runBuild(Main.java:809)
	at org.apache.tools.ant.Main.startAnt(Main.java:217)
	at org.apache.tools.ant.launch.Launcher.run(Launcher.java:280)
	at org.apache.tools.ant.launch.Launcher.main(Launcher.java:109)
Unable to obtain resource from /home/unmesh/work/pubmatic/target/build/classes/com/pubmatic/parser/SiteInfo.class: 
java.util.zip.ZipException: error in opening zip file
	at java.util.zip.ZipFile.open(Native Method)
	at java.util.zip.ZipFile.<init>(ZipFile.java:220)
	at java.util.zip.ZipFile.<init>(ZipFile.java:150)
	at java.util.jar.JarFile.<init>(JarFile.java:166)
	at java.util.jar.JarFile.<init>(JarFile.java:130)
	at org.apache.tools.ant.AntClassLoader.getResourceURL(AntClassLoader.java:1002)
	at org.apache.tools.ant.AntClassLoader$ResourceEnumeration.findNextResource(AntClassLoader.java:145)
	at org.apache.tools.ant.AntClassLoader$ResourceEnumeration.<init>(AntClassLoader.java:109)
	at org.apache.tools.ant.AntClassLoader.findResources(AntClassLoader.java:949)
	at org.apache.tools.ant.AntClassLoader.findResources(AntClassLoader.java:931)
	at java.lang.ClassLoader.getResources(ClassLoader.java:1139)
	at java.util.ServiceLoader$LazyIterator.hasNextService(ServiceLoader.java:348)
	at java.util.ServiceLoader$LazyIterator.hasNext(ServiceLoader.java:393)
	at java.util.ServiceLoader$1.hasNext(ServiceLoader.java:474)
	at javax.xml.parsers.FactoryFinder$1.run(FactoryFinder.java:293)
	at java.security.AccessController.doPrivileged(Native Method)
	at javax.xml.parsers.FactoryFinder.findServiceProvider(FactoryFinder.java:289)
	at javax.xml.parsers.FactoryFinder.find(FactoryFinder.java:267)
	at javax.xml.parsers.DocumentBuilderFactory.newInstance(DocumentBuilderFactory.java:120)
	at org.apache.tools.ant.taskdefs.optional.junit.XMLJUnitResultFormatter.getDocumentBuilder(XMLJUnitResultFormatter.java:60)
	at org.apache.tools.ant.taskdefs.optional.junit.XMLJUnitResultFormatter.startTestSuite(XMLJUnitResultFormatter.java:115)
	at org.apache.tools.ant.taskdefs.optional.junit.JUnitTestRunner.fireStartTestSuite(JUnitTestRunner.java:719)
	at org.apache.tools.ant.taskdefs.optional.junit.JUnitTestRunner.run(JUnitTestRunner.java:506)
	at org.apache.tools.ant.taskdefs.optional.junit.JUnitTask.executeInVM(JUnitTask.java:1420)
	at org.apache.tools.ant.taskdefs.optional.junit.JUnitTask.execute(JUnitTask.java:848)
	at org.apache.tools.ant.taskdefs.optional.junit.JUnitTask.executeOrQueue(JUnitTask.java:1899)
	at org.apache.tools.ant.taskdefs.optional.junit.JUnitTask.execute(JUnitTask.java:800)
	at org.apache.tools.ant.UnknownElement.execute(UnknownElement.java:291)
	at sun.reflect.GeneratedMethodAccessor4.invoke(Unknown Source)
	at sun.reflect.DelegatingMethodAccessorImpl.invoke(DelegatingMethodAccessorImpl.java:43)
	at java.lang.reflect.Method.invoke(Method.java:483)
	at org.apache.tools.ant.dispatch.DispatchUtils.execute(DispatchUtils.java:106)
	at org.apache.tools.ant.Task.perform(Task.java:348)
	at org.apache.tools.ant.Target.execute(Target.java:390)
	at org.apache.tools.ant.Target.performTasks(Target.java:411)
	at org.apache.tools.ant.Project.executeSortedTargets(Project.java:1399)
	at org.apache.tools.ant.Project.executeTarget(Project.java:1368)
	at org.apache.tools.ant.helper.DefaultExecutor.executeTargets(DefaultExecutor.java:41)
	at org.apache.tools.ant.Project.executeTargets(Project.java:1251)
	at org.apache.tools.ant.Main.runBuild(Main.java:809)
	at org.apache.tools.ant.Main.startAnt(Main.java:217)
	at org.apache.tools.ant.launch.Launcher.run(Launcher.java:280)
	at org.apache.tools.ant.launch.Launcher.main(Launcher.java:109)
Unable to obtain resource from /home/unmesh/work/pubmatic/target/build/classes/com/pubmatic/parser/Website.class: 
java.util.zip.ZipException: error in opening zip file
	at java.util.zip.ZipFile.open(Native Method)
	at java.util.zip.ZipFile.<init>(ZipFile.java:220)
	at java.util.zip.ZipFile.<init>(ZipFile.java:150)
	at java.util.jar.JarFile.<init>(JarFile.java:166)
	at java.util.jar.JarFile.<init>(JarFile.java:130)
	at org.apache.tools.ant.AntClassLoader.getResourceURL(AntClassLoader.java:1002)
	at org.apache.tools.ant.AntClassLoader$ResourceEnumeration.findNextResource(AntClassLoader.java:145)
	at org.apache.tools.ant.AntClassLoader$ResourceEnumeration.<init>(AntClassLoader.java:109)
	at org.apache.tools.ant.AntClassLoader.findResources(AntClassLoader.java:949)
	at org.apache.tools.ant.AntClassLoader.findResources(AntClassLoader.java:931)
	at java.lang.ClassLoader.getResources(ClassLoader.java:1139)
	at java.util.ServiceLoader$LazyIterator.hasNextService(ServiceLoader.java:348)
	at java.util.ServiceLoader$LazyIterator.hasNext(ServiceLoader.java:393)
	at java.util.ServiceLoader$1.hasNext(ServiceLoader.java:474)
	at javax.xml.parsers.FactoryFinder$1.run(FactoryFinder.java:293)
	at java.security.AccessController.doPrivileged(Native Method)
	at javax.xml.parsers.FactoryFinder.findServiceProvider(FactoryFinder.java:289)
	at javax.xml.parsers.FactoryFinder.find(FactoryFinder.java:267)
	at javax.xml.parsers.DocumentBuilderFactory.newInstance(DocumentBuilderFactory.java:120)
	at org.apache.tools.ant.taskdefs.optional.junit.XMLJUnitResultFormatter.getDocumentBuilder(XMLJUnitResultFormatter.java:60)
	at org.apache.tools.ant.taskdefs.optional.junit.XMLJUnitResultFormatter.startTestSuite(XMLJUnitResultFormatter.java:115)
	at org.apache.tools.ant.taskdefs.optional.junit.JUnitTestRunner.fireStartTestSuite(JUnitTestRunner.java:719)
	at org.apache.tools.ant.taskdefs.optional.junit.JUnitTestRunner.run(JUnitTestRunner.java:506)
	at org.apache.tools.ant.taskdefs.optional.junit.JUnitTask.executeInVM(JUnitTask.java:1420)
	at org.apache.tools.ant.taskdefs.optional.junit.JUnitTask.execute(JUnitTask.java:848)
	at org.apache.tools.ant.taskdefs.optional.junit.JUnitTask.executeOrQueue(JUnitTask.java:1899)
	at org.apache.tools.ant.taskdefs.optional.junit.JUnitTask.execute(JUnitTask.java:800)
	at org.apache.tools.ant.UnknownElement.execute(UnknownElement.java:291)
	at sun.reflect.GeneratedMethodAccessor4.invoke(Unknown Source)
	at sun.reflect.DelegatingMethodAccessorImpl.invoke(DelegatingMethodAccessorImpl.java:43)
	at java.lang.reflect.Method.invoke(Method.java:483)
	at org.apache.tools.ant.dispatch.DispatchUtils.execute(DispatchUtils.java:106)
	at org.apache.tools.ant.Task.perform(Task.java:348)
	at org.apache.tools.ant.Target.execute(Target.java:390)
	at org.apache.tools.ant.Target.performTasks(Target.java:411)
	at org.apache.tools.ant.Project.executeSortedTargets(Project.java:1399)
	at org.apache.tools.ant.Project.executeTarget(Project.java:1368)
	at org.apache.tools.ant.helper.DefaultExecutor.executeTargets(DefaultExecutor.java:41)
	at org.apache.tools.ant.Project.executeTargets(Project.java:1251)
	at org.apache.tools.ant.Main.runBuild(Main.java:809)
	at org.apache.tools.ant.Main.startAnt(Main.java:217)
	at org.apache.tools.ant.launch.Launcher.run(Launcher.java:280)
	at org.apache.tools.ant.launch.Launcher.main(Launcher.java:109)
Unable to obtain resource from /home/unmesh/work/pubmatic/target/build/classes/com/pubmatic/parser/WebsiteDetails.class: 
java.util.zip.ZipException: error in opening zip file
	at java.util.zip.ZipFile.open(Native Method)
	at java.util.zip.ZipFile.<init>(ZipFile.java:220)
	at java.util.zip.ZipFile.<init>(ZipFile.java:150)
	at java.util.jar.JarFile.<init>(JarFile.java:166)
	at java.util.jar.JarFile.<init>(JarFile.java:130)
	at org.apache.tools.ant.AntClassLoader.getResourceURL(AntClassLoader.java:1002)
	at org.apache.tools.ant.AntClassLoader$ResourceEnumeration.findNextResource(AntClassLoader.java:145)
	at org.apache.tools.ant.AntClassLoader$ResourceEnumeration.<init>(AntClassLoader.java:109)
	at org.apache.tools.ant.AntClassLoader.findResources(AntClassLoader.java:949)
	at org.apache.tools.ant.AntClassLoader.findResources(AntClassLoader.java:931)
	at java.lang.ClassLoader.getResources(ClassLoader.java:1139)
	at java.util.ServiceLoader$LazyIterator.hasNextService(ServiceLoader.java:348)
	at java.util.ServiceLoader$LazyIterator.hasNext(ServiceLoader.java:393)
	at java.util.ServiceLoader$1.hasNext(ServiceLoader.java:474)
	at javax.xml.parsers.FactoryFinder$1.run(FactoryFinder.java:293)
	at java.security.AccessController.doPrivileged(Native Method)
	at javax.xml.parsers.FactoryFinder.findServiceProvider(FactoryFinder.java:289)
	at javax.xml.parsers.FactoryFinder.find(FactoryFinder.java:267)
	at javax.xml.parsers.DocumentBuilderFactory.newInstance(DocumentBuilderFactory.java:120)
	at org.apache.tools.ant.taskdefs.optional.junit.XMLJUnitResultFormatter.getDocumentBuilder(XMLJUnitResultFormatter.java:60)
	at org.apache.tools.ant.taskdefs.optional.junit.XMLJUnitResultFormatter.startTestSuite(XMLJUnitResultFormatter.java:115)
	at org.apache.tools.ant.taskdefs.optional.junit.JUnitTestRunner.fireStartTestSuite(JUnitTestRunner.java:719)
	at org.apache.tools.ant.taskdefs.optional.junit.JUnitTestRunner.run(JUnitTestRunner.java:506)
	at org.apache.tools.ant.taskdefs.optional.junit.JUnitTask.executeInVM(JUnitTask.java:1420)
	at org.apache.tools.ant.taskdefs.optional.junit.JUnitTask.execute(JUnitTask.java:848)
	at org.apache.tools.ant.taskdefs.optional.junit.JUnitTask.executeOrQueue(JUnitTask.java:1899)
	at org.apache.tools.ant.taskdefs.optional.junit.JUnitTask.execute(JUnitTask.java:800)
	at org.apache.tools.ant.UnknownElement.execute(UnknownElement.java:291)
	at sun.reflect.GeneratedMethodAccessor4.invoke(Unknown Source)
	at sun.reflect.DelegatingMethodAccessorImpl.invoke(DelegatingMethodAccessorImpl.java:43)
	at java.lang.reflect.Method.invoke(Method.java:483)
	at org.apache.tools.ant.dispatch.DispatchUtils.execute(DispatchUtils.java:106)
	at org.apache.tools.ant.Task.perform(Task.java:348)
	at org.apache.tools.ant.Target.execute(Target.java:390)
	at org.apache.tools.ant.Target.performTasks(Target.java:411)
	at org.apache.tools.ant.Project.executeSortedTargets(Project.java:1399)
	at org.apache.tools.ant.Project.executeTarget(Project.java:1368)
	at org.apache.tools.ant.helper.DefaultExecutor.executeTargets(DefaultExecutor.java:41)
	at org.apache.tools.ant.Project.executeTargets(Project.java:1251)
	at org.apache.tools.ant.Main.runBuild(Main.java:809)
	at org.apache.tools.ant.Main.startAnt(Main.java:217)
	at org.apache.tools.ant.launch.Launcher.run(Launcher.java:280)
	at org.apache.tools.ant.launch.Launcher.main(Launcher.java:109)
]]></system-err>
</testsuite>
